\BOOKMARK [0][-]{dummy.1}{\376\377\000A\000c\000k\000n\000o\000w\000l\000e\000d\000g\000e\000m\000e\000n\000t\000s}{}% 1
\BOOKMARK [0][-]{dummy.2}{\376\377\000C\000o\000n\000t\000e\000n\000t\000s}{}% 2
\BOOKMARK [0][-]{dummy.4}{\376\377\000L\000i\000s\000t\000\040\000o\000f\000\040\000F\000i\000g\000u\000r\000e\000s}{}% 3
\BOOKMARK [0][-]{dummy.6}{\376\377\000L\000i\000s\000t\000\040\000o\000f\000\040\000T\000a\000b\000l\000e\000s}{}% 4
\BOOKMARK [0][-]{chapter.8}{\376\377\0001\000\040\000I\000n\000t\000r\000o\000d\000u\000c\000t\000i\000o\000n}{}% 5
\BOOKMARK [1][-]{section.9}{\376\377\0001\000.\0001\000\040\000M\000o\000t\000i\000v\000a\000t\000i\000o\000n}{chapter.8}% 6
\BOOKMARK [1][-]{section.10}{\376\377\0001\000.\0002\000\040\000H\000i\000s\000t\000o\000r\000i\000c\000a\000l\000\040\000R\000e\000m\000a\000r\000k\000s}{chapter.8}% 7
\BOOKMARK [1][-]{section.11}{\376\377\0001\000.\0003\000\040\000T\000h\000e\000\040\000L\000y\000m\000a\000n\000\040\000\040\000l\000i\000n\000e\000\040\000i\000n\000\040\000a\000s\000t\000r\000o\000n\000o\000m\000y}{chapter.8}% 8
\BOOKMARK [1][-]{section.12}{\376\377\0001\000.\0004\000\040\000U\000n\000i\000t\000s\000,\000\040\000Q\000u\000a\000n\000t\000i\000t\000i\000e\000s\000\040\000\046\000\040\000D\000e\000f\000i\000n\000i\000t\000i\000o\000n\000s}{chapter.8}% 9
\BOOKMARK [2][-]{subsection.13}{\376\377\0001\000.\0004\000.\0001\000\040\000O\000p\000t\000i\000c\000a\000l\000\040\000d\000e\000p\000t\000h\000\040\000a\000n\000d\000\040\000C\000o\000l\000u\000m\000n\000\040\000D\000e\000n\000s\000i\000t\000y}{section.12}% 10
\BOOKMARK [2][-]{subsection.16}{\376\377\0001\000.\0004\000.\0002\000\040\000L\000y\000\040\000l\000i\000n\000e\000\040\000p\000r\000o\000f\000i\000l\000e\000\040\000u\000n\000i\000t\000s}{section.12}% 11
\BOOKMARK [2][-]{subsection.23}{\376\377\0001\000.\0004\000.\0003\000\040\000A\000v\000e\000r\000a\000g\000e\000\040\000n\000u\000m\000b\000e\000r\000\040\000o\000f\000\040\000s\000c\000a\000t\000t\000e\000r\000i\000n\000g\000s\000\040\000N\000s\000c\000a\000t\000t}{section.12}% 12
\BOOKMARK [2][-]{subsection.24}{\376\377\0001\000.\0004\000.\0004\000\040\000R\000e\000s\000o\000n\000a\000n\000t\000\040\000s\000c\000a\000t\000t\000e\000r\000i\000n\000g}{section.12}% 13
\BOOKMARK [2][-]{subsection.27}{\376\377\0001\000.\0004\000.\0005\000\040\000E\000s\000c\000a\000p\000e\000\040\000f\000r\000a\000c\000t\000i\000o\000n}{section.12}% 14
\BOOKMARK [1][-]{section.29}{\376\377\0001\000.\0005\000\040\000A\000t\000t\000e\000n\000u\000a\000t\000i\000o\000n\000\040\000o\000f\000\040\000t\000h\000e\000\040\000L\000y\000\040\000e\000m\000i\000s\000s\000i\000o\000n\000\040\000l\000i\000n\000e}{chapter.8}% 15
\BOOKMARK [1][-]{section.32}{\376\377\0001\000.\0006\000\040\000A\000n\000a\000l\000y\000t\000i\000c\000a\000l\000\040\000M\000o\000d\000e\000l\000s}{chapter.8}% 16
\BOOKMARK [2][-]{subsection.36}{\376\377\0001\000.\0006\000.\0001\000\040\000I\000n\000f\000i\000n\000i\000t\000e\000\040\000S\000l\000a\000b\000\040\000w\000i\000t\000h\000\040\000L\000y\000\040\000s\000o\000u\000r\000c\000e\000\040\000a\000t\000\040\000t\000h\000e\000\040\000c\000e\000n\000t\000e\000r\000:}{section.32}% 17
\BOOKMARK [2][-]{subsection.41}{\376\377\0001\000.\0006\000.\0002\000\040\000S\000p\000h\000e\000r\000i\000c\000a\000l\000\040\000s\000o\000l\000u\000t\000i\000o\000n}{section.32}% 18
\BOOKMARK [2][-]{subsection.44}{\376\377\0001\000.\0006\000.\0003\000\040\000S\000p\000h\000e\000r\000i\000c\000a\000l\000\040\000r\000o\000t\000a\000t\000i\000n\000g\000\040\000s\000p\000h\000e\000r\000e}{section.32}% 19
\BOOKMARK [1][-]{section.47}{\376\377\0001\000.\0007\000\040\000S\000i\000m\000u\000l\000a\000t\000e\000d\000\040\000m\000o\000d\000e\000l\000s\000\040\000\046\000\040\000t\000e\000c\000h\000n\000i\000q\000u\000e\000s}{chapter.8}% 20
\BOOKMARK [2][-]{subsection.48}{\376\377\0001\000.\0007\000.\0001\000\040\000M\000o\000n\000t\000e\000-\000C\000a\000r\000l\000o\000\040\000a\000p\000p\000r\000o\000a\000c\000h\000:}{section.47}% 21
\BOOKMARK [2][-]{subsection.49}{\376\377\0001\000.\0007\000.\0002\000\040\000N\000u\000m\000e\000r\000i\000c\000a\000l\000\040\000M\000o\000d\000e\000l\000s\000\040\000o\000f\000\040\000L\000y\000\040\000p\000r\000o\000f\000i\000l\000e\000s\000:}{section.47}% 22
\BOOKMARK [1][-]{section.51}{\376\377\0001\000.\0008\000\040\000T\000h\000i\000s\000\040\000T\000h\000e\000s\000i\000s}{chapter.8}% 23
\BOOKMARK [2][-]{subsection.52}{\376\377\0001\000.\0008\000.\0001\000\040\000T\000h\000e\000\040\000i\000m\000p\000o\000r\000t\000a\000n\000c\000e\000\040\000o\000f\000\040\000m\000o\000d\000e\000l\000l\000i\000n\000g\000\040\000t\000h\000e\000\040\000e\000f\000f\000e\000c\000t\000\040\000o\000f\000\040\000g\000a\000s\000\040\000b\000u\000l\000k\000\040\000r\000o\000t\000a\000t\000i\000o\000n}{section.51}% 24
\BOOKMARK [2][-]{subsection.53}{\376\377\0001\000.\0008\000.\0002\000\040\000S\000u\000m\000m\000a\000r\000y\000\040\000o\000f\000\040\000t\000h\000e\000\040\000t\000h\000e\000s\000i\000s}{section.51}% 25
\BOOKMARK [2][-]{subsection.54}{\376\377\0001\000.\0008\000.\0003\000\040\000F\000u\000t\000u\000r\000e\000\040\000w\000o\000r\000k}{section.51}% 26
\BOOKMARK [0][-]{chapter.56}{\376\377\0002\000\040\000T\000h\000e\000\040\000e\000f\000f\000e\000c\000t\000\040\000o\000f\000\040\000g\000a\000s\000\040\000b\000u\000l\000k\000\040\000r\000o\000t\000a\000t\000i\000o\000n\000\040\000o\000n\000\040\000t\000h\000e\000\040\000m\000o\000r\000p\000h\000o\000l\000o\000g\000y\000\040\000o\000f\000\040\000t\000h\000e\000\040\000L\000y\000\040\000l\000i\000n\000e}{}% 27
\BOOKMARK [1][-]{section.58}{\376\377\0002\000.\0001\000\040\000I\000n\000t\000r\000o\000d\000u\000c\000t\000i\000o\000n}{chapter.56}% 28
\BOOKMARK [1][-]{section.59}{\376\377\0002\000.\0002\000\040\000M\000o\000d\000e\000l\000s\000\040\000o\000f\000\040\000b\000u\000l\000k\000\040\000g\000a\000s\000\040\000r\000o\000t\000a\000t\000i\000o\000n}{chapter.56}% 29
\BOOKMARK [2][-]{subsection.60}{\376\377\0002\000.\0002\000.\0001\000\040\000D\000e\000t\000a\000i\000l\000e\000d\000\040\000I\000m\000p\000l\000e\000m\000e\000n\000t\000a\000t\000i\000o\000n\000\040\000o\000f\000\040\000R\000o\000t\000a\000t\000i\000o\000n}{section.59}% 30
\BOOKMARK [2][-]{subsection.69}{\376\377\0002\000.\0002\000.\0002\000\040\000B\000r\000i\000e\000f\000\040\000D\000e\000s\000c\000r\000i\000p\000t\000i\000o\000n\000\040\000o\000f\000\040\000t\000h\000e\000\040\000R\000a\000d\000i\000a\000t\000i\000v\000e\000\040\000T\000r\000a\000n\000s\000f\000e\000r\000\040\000C\000o\000d\000e\000s}{section.59}% 31
\BOOKMARK [2][-]{subsection.70}{\376\377\0002\000.\0002\000.\0003\000\040\000G\000r\000i\000d\000\040\000o\000f\000\040\000S\000i\000m\000u\000l\000a\000t\000e\000d\000\040\000G\000a\000l\000a\000x\000i\000e\000s}{section.59}% 32
\BOOKMARK [1][-]{section.72}{\376\377\0002\000.\0003\000\040\000R\000e\000s\000u\000l\000t\000s}{chapter.56}% 33
\BOOKMARK [2][-]{subsection.73}{\376\377\0002\000.\0003\000.\0001\000\040\000L\000i\000n\000e\000\040\000M\000o\000r\000p\000h\000o\000l\000o\000g\000y}{section.72}% 34
\BOOKMARK [2][-]{subsection.74}{\376\377\0002\000.\0003\000.\0002\000\040\000I\000n\000t\000e\000g\000r\000a\000t\000e\000d\000\040\000L\000i\000n\000e\000\040\000I\000n\000t\000e\000n\000s\000i\000t\000y}{section.72}% 35
\BOOKMARK [2][-]{subsection.78}{\376\377\0002\000.\0003\000.\0003\000\040\000F\000u\000l\000l\000\040\000W\000i\000d\000t\000h\000\040\000a\000t\000\040\000H\000a\000l\000f\000\040\000M\000a\000x\000i\000m\000u\000m}{section.72}% 36
\BOOKMARK [2][-]{subsection.82}{\376\377\0002\000.\0003\000.\0004\000\040\000L\000i\000n\000e\000\040\000M\000a\000x\000i\000m\000a}{section.72}% 37
\BOOKMARK [2][-]{subsection.84}{\376\377\0002\000.\0003\000.\0005\000\040\000D\000u\000s\000t\000y\000\040\000C\000l\000o\000u\000d\000s\000:\000\040\000E\000s\000c\000a\000p\000e\000\040\000F\000r\000a\000c\000t\000i\000o\000n}{section.72}% 38
\BOOKMARK [2][-]{subsection.86}{\376\377\0002\000.\0003\000.\0006\000\040\000A\000v\000e\000r\000a\000g\000e\000\040\000N\000u\000m\000b\000e\000r\000\040\000o\000f\000\040\000S\000c\000a\000t\000t\000e\000r\000i\000n\000g\000s}{section.72}% 39
\BOOKMARK [1][-]{section.88}{\376\377\0002\000.\0004\000\040\000D\000i\000s\000c\000u\000s\000s\000i\000o\000n}{chapter.56}% 40
\BOOKMARK [2][-]{subsection.89}{\376\377\0002\000.\0004\000.\0001\000\040\000T\000o\000w\000a\000r\000d\000s\000\040\000a\000n\000\040\000a\000n\000a\000l\000y\000t\000i\000c\000a\000l\000\040\000d\000e\000s\000c\000r\000i\000p\000t\000i\000o\000n}{section.88}% 41
\BOOKMARK [2][-]{subsection.91}{\376\377\0002\000.\0004\000.\0002\000\040\000I\000m\000p\000a\000c\000t\000\040\000o\000n\000\040\000t\000h\000e\000\040\000i\000n\000t\000e\000r\000p\000r\000e\000t\000a\000t\000i\000o\000n\000\040\000o\000f\000\040\000s\000i\000m\000u\000l\000a\000t\000e\000d\000\040\000a\000n\000d\000\040\000o\000b\000s\000e\000r\000v\000a\000t\000i\000o\000n\000a\000l\000\040\000d\000a\000t\000a}{section.88}% 42
\BOOKMARK [1][-]{section.92}{\376\377\0002\000.\0005\000\040\000C\000o\000n\000c\000l\000u\000s\000i\000o\000n\000s}{chapter.56}% 43
\BOOKMARK [1][-]{section.94}{\376\377\000.\0001\000\040\000A\000n\000a\000l\000y\000t\000i\000c\000\040\000E\000x\000p\000r\000e\000s\000s\000i\000o\000n\000\040\000f\000o\000r\000\040\000t\000h\000e\000\040\000L\000y\000\040\000S\000p\000e\000c\000t\000r\000u\000m\000\040\000e\000m\000e\000r\000g\000i\000n\000g\000\040\000f\000r\000o\000m\000\040\000R\000o\000t\000a\000t\000i\000n\000g\000\040\000C\000l\000o\000u\000d}{chapter.56}% 44
\BOOKMARK [0][-]{appendix.99}{\376\377\000A\000\040\000A\000n\000a\000l\000y\000t\000i\000c\000\040\000E\000x\000p\000r\000e\000s\000s\000i\000o\000n\000\040\000f\000o\000r\000\040\000t\000h\000e\000\040\000L\000y\000\040\000S\000p\000e\000c\000t\000r\000u\000m\000\040\000e\000m\000e\000r\000g\000i\000n\000g\000\040\000f\000r\000o\000m\000\040\000R\000o\000t\000a\000t\000i\000n\000g\000\040\000C\000l\000o\000u\000d}{}% 45
\BOOKMARK [0][-]{dummy.104}{\376\377\000B\000i\000b\000l\000i\000o\000g\000r\000a\000p\000h\000y}{}% 46
