This is pdfTeX, Version 3.1415926-2.5-1.40.14 (TeX Live 2013/Debian) (format=pdflatex 2015.3.2)  13 APR 2015 13:51
entering extended mode
 restricted \write18 enabled.
 %&-line parsing enabled.
**main.tex
(./main.tex
LaTeX2e <2011/06/27>
Babel <3.9h> and hyphenation patterns for 4 languages loaded.
(./Thesis.cls
Document Class: Thesis 2007/22/02 v1.0 LaTeX document class
(/usr/share/texlive/texmf-dist/tex/latex/base/book.cls
Document Class: book 2007/10/19 v1.4h Standard LaTeX document class
(/usr/share/texlive/texmf-dist/tex/latex/base/bk11.clo
File: bk11.clo 2007/10/19 v1.4h Standard LaTeX file (size option)
)
\c@part=\count79
\c@chapter=\count80
\c@section=\count81
\c@subsection=\count82
\c@subsubsection=\count83
\c@paragraph=\count84
\c@subparagraph=\count85
\c@figure=\count86
\c@table=\count87
\abovecaptionskip=\skip41
\belowcaptionskip=\skip42
\bibindent=\dimen102
)
(/usr/share/texlive/texmf-dist/tex/latex/setspace/setspace.sty
Package: setspace 2011/12/19 v6.7a set line spacing
)
(/usr/share/texlive/texmf-dist/tex/latex/vmargin/vmargin.sty
Package: vmargin 2004/07/15 V2.5 set document margins (VK)

Package: vmargin 2004/07/15 V2.5 set document margins (VK)
\PaperWidth=\dimen103
\PaperHeight=\dimen104
) (/usr/share/texlive/texmf-dist/tex/latex/base/inputenc.sty
Package: inputenc 2008/03/30 v1.1d Input encoding file
\inpenc@prehook=\toks14
\inpenc@posthook=\toks15

(/usr/share/texlive/texmf-dist/tex/latex/base/utf8.def
File: utf8.def 2008/04/05 v1.1m UTF-8 support for inputenc
Now handling font encoding OML ...
... no UTF-8 mapping file for font encoding OML
Now handling font encoding T1 ...
... processing UTF-8 mapping file for font encoding T1

(/usr/share/texlive/texmf-dist/tex/latex/base/t1enc.dfu
File: t1enc.dfu 2008/04/05 v1.1m UTF-8 support for inputenc
   defining Unicode char U+00A1 (decimal 161)
   defining Unicode char U+00A3 (decimal 163)
   defining Unicode char U+00AB (decimal 171)
   defining Unicode char U+00BB (decimal 187)
   defining Unicode char U+00BF (decimal 191)
   defining Unicode char U+00C0 (decimal 192)
   defining Unicode char U+00C1 (decimal 193)
   defining Unicode char U+00C2 (decimal 194)
   defining Unicode char U+00C3 (decimal 195)
   defining Unicode char U+00C4 (decimal 196)
   defining Unicode char U+00C5 (decimal 197)
   defining Unicode char U+00C6 (decimal 198)
   defining Unicode char U+00C7 (decimal 199)
   defining Unicode char U+00C8 (decimal 200)
   defining Unicode char U+00C9 (decimal 201)
   defining Unicode char U+00CA (decimal 202)
   defining Unicode char U+00CB (decimal 203)
   defining Unicode char U+00CC (decimal 204)
   defining Unicode char U+00CD (decimal 205)
   defining Unicode char U+00CE (decimal 206)
   defining Unicode char U+00CF (decimal 207)
   defining Unicode char U+00D0 (decimal 208)
   defining Unicode char U+00D1 (decimal 209)
   defining Unicode char U+00D2 (decimal 210)
   defining Unicode char U+00D3 (decimal 211)
   defining Unicode char U+00D4 (decimal 212)
   defining Unicode char U+00D5 (decimal 213)
   defining Unicode char U+00D6 (decimal 214)
   defining Unicode char U+00D8 (decimal 216)
   defining Unicode char U+00D9 (decimal 217)
   defining Unicode char U+00DA (decimal 218)
   defining Unicode char U+00DB (decimal 219)
   defining Unicode char U+00DC (decimal 220)
   defining Unicode char U+00DD (decimal 221)
   defining Unicode char U+00DE (decimal 222)
   defining Unicode char U+00DF (decimal 223)
   defining Unicode char U+00E0 (decimal 224)
   defining Unicode char U+00E1 (decimal 225)
   defining Unicode char U+00E2 (decimal 226)
   defining Unicode char U+00E3 (decimal 227)
   defining Unicode char U+00E4 (decimal 228)
   defining Unicode char U+00E5 (decimal 229)
   defining Unicode char U+00E6 (decimal 230)
   defining Unicode char U+00E7 (decimal 231)
   defining Unicode char U+00E8 (decimal 232)
   defining Unicode char U+00E9 (decimal 233)
   defining Unicode char U+00EA (decimal 234)
   defining Unicode char U+00EB (decimal 235)
   defining Unicode char U+00EC (decimal 236)
   defining Unicode char U+00ED (decimal 237)
   defining Unicode char U+00EE (decimal 238)
   defining Unicode char U+00EF (decimal 239)
   defining Unicode char U+00F0 (decimal 240)
   defining Unicode char U+00F1 (decimal 241)
   defining Unicode char U+00F2 (decimal 242)
   defining Unicode char U+00F3 (decimal 243)
   defining Unicode char U+00F4 (decimal 244)
   defining Unicode char U+00F5 (decimal 245)
   defining Unicode char U+00F6 (decimal 246)
   defining Unicode char U+00F8 (decimal 248)
   defining Unicode char U+00F9 (decimal 249)
   defining Unicode char U+00FA (decimal 250)
   defining Unicode char U+00FB (decimal 251)
   defining Unicode char U+00FC (decimal 252)
   defining Unicode char U+00FD (decimal 253)
   defining Unicode char U+00FE (decimal 254)
   defining Unicode char U+00FF (decimal 255)
   defining Unicode char U+0102 (decimal 258)
   defining Unicode char U+0103 (decimal 259)
   defining Unicode char U+0104 (decimal 260)
   defining Unicode char U+0105 (decimal 261)
   defining Unicode char U+0106 (decimal 262)
   defining Unicode char U+0107 (decimal 263)
   defining Unicode char U+010C (decimal 268)
   defining Unicode char U+010D (decimal 269)
   defining Unicode char U+010E (decimal 270)
   defining Unicode char U+010F (decimal 271)
   defining Unicode char U+0110 (decimal 272)
   defining Unicode char U+0111 (decimal 273)
   defining Unicode char U+0118 (decimal 280)
   defining Unicode char U+0119 (decimal 281)
   defining Unicode char U+011A (decimal 282)
   defining Unicode char U+011B (decimal 283)
   defining Unicode char U+011E (decimal 286)
   defining Unicode char U+011F (decimal 287)
   defining Unicode char U+0130 (decimal 304)
   defining Unicode char U+0131 (decimal 305)
   defining Unicode char U+0132 (decimal 306)
   defining Unicode char U+0133 (decimal 307)
   defining Unicode char U+0139 (decimal 313)
   defining Unicode char U+013A (decimal 314)
   defining Unicode char U+013D (decimal 317)
   defining Unicode char U+013E (decimal 318)
   defining Unicode char U+0141 (decimal 321)
   defining Unicode char U+0142 (decimal 322)
   defining Unicode char U+0143 (decimal 323)
   defining Unicode char U+0144 (decimal 324)
   defining Unicode char U+0147 (decimal 327)
   defining Unicode char U+0148 (decimal 328)
   defining Unicode char U+014A (decimal 330)
   defining Unicode char U+014B (decimal 331)
   defining Unicode char U+0150 (decimal 336)
   defining Unicode char U+0151 (decimal 337)
   defining Unicode char U+0152 (decimal 338)
   defining Unicode char U+0153 (decimal 339)
   defining Unicode char U+0154 (decimal 340)
   defining Unicode char U+0155 (decimal 341)
   defining Unicode char U+0158 (decimal 344)
   defining Unicode char U+0159 (decimal 345)
   defining Unicode char U+015A (decimal 346)
   defining Unicode char U+015B (decimal 347)
   defining Unicode char U+015E (decimal 350)
   defining Unicode char U+015F (decimal 351)
   defining Unicode char U+0160 (decimal 352)
   defining Unicode char U+0161 (decimal 353)
   defining Unicode char U+0162 (decimal 354)
   defining Unicode char U+0163 (decimal 355)
   defining Unicode char U+0164 (decimal 356)
   defining Unicode char U+0165 (decimal 357)
   defining Unicode char U+016E (decimal 366)
   defining Unicode char U+016F (decimal 367)
   defining Unicode char U+0170 (decimal 368)
   defining Unicode char U+0171 (decimal 369)
   defining Unicode char U+0178 (decimal 376)
   defining Unicode char U+0179 (decimal 377)
   defining Unicode char U+017A (decimal 378)
   defining Unicode char U+017B (decimal 379)
   defining Unicode char U+017C (decimal 380)
   defining Unicode char U+017D (decimal 381)
   defining Unicode char U+017E (decimal 382)
   defining Unicode char U+200C (decimal 8204)
   defining Unicode char U+2013 (decimal 8211)
   defining Unicode char U+2014 (decimal 8212)
   defining Unicode char U+2018 (decimal 8216)
   defining Unicode char U+2019 (decimal 8217)
   defining Unicode char U+201A (decimal 8218)
   defining Unicode char U+201C (decimal 8220)
   defining Unicode char U+201D (decimal 8221)
   defining Unicode char U+201E (decimal 8222)
   defining Unicode char U+2030 (decimal 8240)
   defining Unicode char U+2031 (decimal 8241)
   defining Unicode char U+2039 (decimal 8249)
   defining Unicode char U+203A (decimal 8250)
   defining Unicode char U+2423 (decimal 9251)
)
Now handling font encoding OT1 ...
... processing UTF-8 mapping file for font encoding OT1

(/usr/share/texlive/texmf-dist/tex/latex/base/ot1enc.dfu
File: ot1enc.dfu 2008/04/05 v1.1m UTF-8 support for inputenc
   defining Unicode char U+00A1 (decimal 161)
   defining Unicode char U+00A3 (decimal 163)
   defining Unicode char U+00B8 (decimal 184)
   defining Unicode char U+00BF (decimal 191)
   defining Unicode char U+00C5 (decimal 197)
   defining Unicode char U+00C6 (decimal 198)
   defining Unicode char U+00D8 (decimal 216)
   defining Unicode char U+00DF (decimal 223)
   defining Unicode char U+00E6 (decimal 230)
   defining Unicode char U+00EC (decimal 236)
   defining Unicode char U+00ED (decimal 237)
   defining Unicode char U+00EE (decimal 238)
   defining Unicode char U+00EF (decimal 239)
   defining Unicode char U+00F8 (decimal 248)
   defining Unicode char U+0131 (decimal 305)
   defining Unicode char U+0141 (decimal 321)
   defining Unicode char U+0142 (decimal 322)
   defining Unicode char U+0152 (decimal 338)
   defining Unicode char U+0153 (decimal 339)
   defining Unicode char U+2013 (decimal 8211)
   defining Unicode char U+2014 (decimal 8212)
   defining Unicode char U+2018 (decimal 8216)
   defining Unicode char U+2019 (decimal 8217)
   defining Unicode char U+201C (decimal 8220)
   defining Unicode char U+201D (decimal 8221)
)
Now handling font encoding OMS ...
... processing UTF-8 mapping file for font encoding OMS

(/usr/share/texlive/texmf-dist/tex/latex/base/omsenc.dfu
File: omsenc.dfu 2008/04/05 v1.1m UTF-8 support for inputenc
   defining Unicode char U+00A7 (decimal 167)
   defining Unicode char U+00B6 (decimal 182)
   defining Unicode char U+00B7 (decimal 183)
   defining Unicode char U+2020 (decimal 8224)
   defining Unicode char U+2021 (decimal 8225)
   defining Unicode char U+2022 (decimal 8226)
)
Now handling font encoding OMX ...
... no UTF-8 mapping file for font encoding OMX
Now handling font encoding U ...
... no UTF-8 mapping file for font encoding U
   defining Unicode char U+00A9 (decimal 169)
   defining Unicode char U+00AA (decimal 170)
   defining Unicode char U+00AE (decimal 174)
   defining Unicode char U+00BA (decimal 186)
   defining Unicode char U+02C6 (decimal 710)
   defining Unicode char U+02DC (decimal 732)
   defining Unicode char U+200C (decimal 8204)
   defining Unicode char U+2026 (decimal 8230)
   defining Unicode char U+2122 (decimal 8482)
   defining Unicode char U+2423 (decimal 9251)
))
(/usr/share/texlive/texmf-dist/tex/latex/fancyhdr/fancyhdr.sty
\fancy@headwidth=\skip43
\f@ncyO@elh=\skip44
\f@ncyO@erh=\skip45
\f@ncyO@olh=\skip46
\f@ncyO@orh=\skip47
\f@ncyO@elf=\skip48
\f@ncyO@erf=\skip49
\f@ncyO@olf=\skip50
\f@ncyO@orf=\skip51
)
(/usr/share/texlive/texmf-dist/tex/latex/amsmath/amsmath.sty
Package: amsmath 2013/01/14 v2.14 AMS math features
\@mathmargin=\skip52

For additional information on amsmath, use the `?' option.
(/usr/share/texlive/texmf-dist/tex/latex/amsmath/amstext.sty
Package: amstext 2000/06/29 v2.01

(/usr/share/texlive/texmf-dist/tex/latex/amsmath/amsgen.sty
File: amsgen.sty 1999/11/30 v2.0
\@emptytoks=\toks16
\ex@=\dimen105
))
(/usr/share/texlive/texmf-dist/tex/latex/amsmath/amsbsy.sty
Package: amsbsy 1999/11/29 v1.2d
\pmbraise@=\dimen106
)
(/usr/share/texlive/texmf-dist/tex/latex/amsmath/amsopn.sty
Package: amsopn 1999/12/14 v2.01 operator names
)
\inf@bad=\count88
LaTeX Info: Redefining \frac on input line 210.
\uproot@=\count89
\leftroot@=\count90
LaTeX Info: Redefining \overline on input line 306.
\classnum@=\count91
\DOTSCASE@=\count92
LaTeX Info: Redefining \ldots on input line 378.
LaTeX Info: Redefining \dots on input line 381.
LaTeX Info: Redefining \cdots on input line 466.
\Mathstrutbox@=\box26
\strutbox@=\box27
\big@size=\dimen107
LaTeX Font Info:    Redeclaring font encoding OML on input line 566.
LaTeX Font Info:    Redeclaring font encoding OMS on input line 567.
\macc@depth=\count93
\c@MaxMatrixCols=\count94
\dotsspace@=\muskip10
\c@parentequation=\count95
\dspbrk@lvl=\count96
\tag@help=\toks17
\row@=\count97
\column@=\count98
\maxfields@=\count99
\andhelp@=\toks18
\eqnshift@=\dimen108
\alignsep@=\dimen109
\tagshift@=\dimen110
\tagwidth@=\dimen111
\totwidth@=\dimen112
\lineht@=\dimen113
\@envbody=\toks19
\multlinegap=\skip53
\multlinetaggap=\skip54
\mathdisplay@stack=\toks20
LaTeX Info: Redefining \[ on input line 2665.
LaTeX Info: Redefining \] on input line 2666.
)
(/usr/share/texlive/texmf-dist/tex/latex/amsfonts/amsfonts.sty
Package: amsfonts 2013/01/14 v3.01 Basic AMSFonts support
\symAMSa=\mathgroup4
\symAMSb=\mathgroup5
LaTeX Font Info:    Overwriting math alphabet `\mathfrak' in version `bold'
(Font)                  U/euf/m/n --> U/euf/b/n on input line 106.
)
(/usr/share/texlive/texmf-dist/tex/latex/amsfonts/amssymb.sty
Package: amssymb 2013/01/14 v3.01 AMS font symbols
)
(/usr/share/texlive/texmf-dist/tex/latex/amsmath/amscd.sty
Package: amscd 1999/11/29 v2.0
\athelp@=\toks21
\minaw@=\dimen114
\bigaw@=\dimen115
\minCDarrowwidth=\dimen116
)
(/usr/share/texlive/texmf-dist/tex/latex/amscls/amsthm.sty
Package: amsthm 2004/08/06 v2.20
\thm@style=\toks22
\thm@bodyfont=\toks23
\thm@headfont=\toks24
\thm@notefont=\toks25
\thm@headpunct=\toks26
\thm@preskip=\skip55
\thm@postskip=\skip56
\thm@headsep=\skip57
\dth@everypar=\toks27
)
(/usr/share/texlive/texmf-dist/tex/latex/tools/xspace.sty
Package: xspace 2009/10/20 v1.13 Space after command names (DPC,MH)
)
\c@example=\count100
\c@theorem=\count101

(/usr/share/texlive/texmf-dist/tex/latex/caption/caption.sty
Package: caption 2013/05/02 v3.3-89 Customizing captions (AR)

(/usr/share/texlive/texmf-dist/tex/latex/caption/caption3.sty
Package: caption3 2013/05/02 v1.6-88 caption3 kernel (AR)
Package caption3 Info: TeX engine: e-TeX on input line 57.

(/usr/share/texlive/texmf-dist/tex/latex/graphics/keyval.sty
Package: keyval 1999/03/16 v1.13 key=value parser (DPC)
\KV@toks@=\toks28
)
\captionmargin=\dimen117
\captionmargin@=\dimen118
\captionwidth=\dimen119
\caption@tempdima=\dimen120
\caption@indent=\dimen121
\caption@parindent=\dimen122
\caption@hangindent=\dimen123
)
\c@ContinuedFloat=\count102
)
(/usr/share/texlive/texmf-dist/tex/latex/graphics/graphicx.sty
Package: graphicx 1999/02/16 v1.0f Enhanced LaTeX Graphics (DPC,SPQR)

(/usr/share/texlive/texmf-dist/tex/latex/graphics/graphics.sty
Package: graphics 2009/02/05 v1.0o Standard LaTeX Graphics (DPC,SPQR)

(/usr/share/texlive/texmf-dist/tex/latex/graphics/trig.sty
Package: trig 1999/03/16 v1.09 sin cos tan (DPC)
)
(/usr/share/texlive/texmf-dist/tex/latex/latexconfig/graphics.cfg
File: graphics.cfg 2010/04/23 v1.9 graphics configuration of TeX Live
)
Package graphics Info: Driver file: pdftex.def on input line 91.

(/usr/share/texlive/texmf-dist/tex/latex/pdftex-def/pdftex.def
File: pdftex.def 2011/05/27 v0.06d Graphics/color for pdfTeX

(/usr/share/texlive/texmf-dist/tex/generic/oberdiek/infwarerr.sty
Package: infwarerr 2010/04/08 v1.3 Providing info/warning/error messages (HO)
)
(/usr/share/texlive/texmf-dist/tex/generic/oberdiek/ltxcmds.sty
Package: ltxcmds 2011/11/09 v1.22 LaTeX kernel commands for general use (HO)
)
\Gread@gobject=\count103
))
\Gin@req@height=\dimen124
\Gin@req@width=\dimen125
)
(/usr/share/texlive/texmf-dist/tex/latex/oberdiek/epstopdf.sty
Package: epstopdf 2010/02/09 v2.5 Conversion with epstopdf on the fly (HO)

(/usr/share/texlive/texmf-dist/tex/latex/oberdiek/epstopdf-base.sty
Package: epstopdf-base 2010/02/09 v2.5 Base part for package epstopdf

(/usr/share/texlive/texmf-dist/tex/latex/oberdiek/grfext.sty
Package: grfext 2010/08/19 v1.1 Manage graphics extensions (HO)

(/usr/share/texlive/texmf-dist/tex/generic/oberdiek/kvdefinekeys.sty
Package: kvdefinekeys 2011/04/07 v1.3 Define keys (HO)
))
(/usr/share/texlive/texmf-dist/tex/latex/oberdiek/kvoptions.sty
Package: kvoptions 2011/06/30 v3.11 Key value format for package options (HO)

(/usr/share/texlive/texmf-dist/tex/generic/oberdiek/kvsetkeys.sty
Package: kvsetkeys 2012/04/25 v1.16 Key value parser (HO)

(/usr/share/texlive/texmf-dist/tex/generic/oberdiek/etexcmds.sty
Package: etexcmds 2011/02/16 v1.5 Avoid name clashes with e-TeX commands (HO)

(/usr/share/texlive/texmf-dist/tex/generic/oberdiek/ifluatex.sty
Package: ifluatex 2010/03/01 v1.3 Provides the ifluatex switch (HO)
Package ifluatex Info: LuaTeX not detected.
)
Package etexcmds Info: Could not find \expanded.
(etexcmds)             That can mean that you are not using pdfTeX 1.50 or
(etexcmds)             that some package has redefined \expanded.
(etexcmds)             In the latter case, load this package earlier.
)))
(/usr/share/texlive/texmf-dist/tex/generic/oberdiek/pdftexcmds.sty
Package: pdftexcmds 2011/11/29 v0.20 Utility functions of pdfTeX for LuaTeX (HO
)

(/usr/share/texlive/texmf-dist/tex/generic/oberdiek/ifpdf.sty
Package: ifpdf 2011/01/30 v2.3 Provides the ifpdf switch (HO)
Package ifpdf Info: pdfTeX in PDF mode is detected.
)
Package pdftexcmds Info: LuaTeX not detected.
Package pdftexcmds Info: \pdf@primitive is available.
Package pdftexcmds Info: \pdf@ifprimitive is available.
Package pdftexcmds Info: \pdfdraftmode found.
)
Package grfext Info: Graphics extension search list:
(grfext)             [.png,.pdf,.jpg,.mps,.jpeg,.jbig2,.jb2,.PNG,.PDF,.JPG,.JPE
G,.JBIG2,.JB2,.eps]
(grfext)             \AppendGraphicsExtensions on input line 452.

(/usr/share/texlive/texmf-dist/tex/latex/latexconfig/epstopdf-sys.cfg
File: epstopdf-sys.cfg 2010/07/13 v1.3 Configuration of (r)epstopdf for TeX Liv
e
)))
(/usr/share/texlive/texmf-dist/tex/latex/booktabs/booktabs.sty
Package: booktabs 2005/04/14 v1.61803 publication quality tables
\heavyrulewidth=\dimen126
\lightrulewidth=\dimen127
\cmidrulewidth=\dimen128
\belowrulesep=\dimen129
\belowbottomsep=\dimen130
\aboverulesep=\dimen131
\abovetopsep=\dimen132
\cmidrulesep=\dimen133
\cmidrulekern=\dimen134
\defaultaddspace=\dimen135
\@cmidla=\count104
\@cmidlb=\count105
\@aboverulesep=\dimen136
\@belowrulesep=\dimen137
\@thisruleclass=\count106
\@lastruleclass=\count107
\@thisrulewidth=\dimen138
)
(/usr/share/texlive/texmf-dist/tex/latex/rotating/rotating.sty
Package: rotating 2009/03/28 v2.16a rotated objects in LaTeX

(/usr/share/texlive/texmf-dist/tex/latex/base/ifthen.sty
Package: ifthen 2001/05/26 v1.1c Standard LaTeX ifthen package (DPC)
)
\c@r@tfl@t=\count108
\rotFPtop=\skip58
\rotFPbot=\skip59
\rot@float@box=\box28
\rot@mess@toks=\toks29
)
(/usr/share/texlive/texmf-dist/tex/latex/listings/listings.sty
\lst@mode=\count109
\lst@gtempboxa=\box29
\lst@token=\toks30
\lst@length=\count110
\lst@currlwidth=\dimen139
\lst@column=\count111
\lst@pos=\count112
\lst@lostspace=\dimen140
\lst@width=\dimen141
\lst@newlines=\count113
\lst@lineno=\count114
\lst@maxwidth=\dimen142
 (./lstpatch.sty

***
*** This is a patch for listings 1.3, but you're using
*** version 1.5b.
***
*** Patch file not loaded.
***

) (/usr/share/texlive/texmf-dist/tex/latex/listings/lstmisc.sty
File: lstmisc.sty 2013/08/26 1.5b (Carsten Heinz)
\c@lstnumber=\count115
\lst@skipnumbers=\count116
\lst@framebox=\box30
)
(/usr/share/texlive/texmf-dist/tex/latex/listings/listings.cfg
File: listings.cfg 2013/08/26 1.5b listings configuration
))
Package: listings 2013/08/26 1.5b (Carsten Heinz)

(./lstpatch.sty

***
*** This is a patch for listings 1.3, but you're using
*** version 1.5b.
***
 *** Patch file not loaded.
***

) (/usr/share/texlive/texmf-dist/tex/latex/hyperref/hyperref.sty
Package: hyperref 2012/11/06 v6.83m Hypertext links for LaTeX

(/usr/share/texlive/texmf-dist/tex/generic/oberdiek/hobsub-hyperref.sty
Package: hobsub-hyperref 2012/05/28 v1.13 Bundle oberdiek, subset hyperref (HO)


(/usr/share/texlive/texmf-dist/tex/generic/oberdiek/hobsub-generic.sty
Package: hobsub-generic 2012/05/28 v1.13 Bundle oberdiek, subset generic (HO)
Package: hobsub 2012/05/28 v1.13 Construct package bundles (HO)
Package hobsub Info: Skipping package `infwarerr' (already loaded).
Package hobsub Info: Skipping package `ltxcmds' (already loaded).
Package hobsub Info: Skipping package `ifluatex' (already loaded).
Package: ifvtex 2010/03/01 v1.5 Detect VTeX and its facilities (HO)
Package ifvtex Info: VTeX not detected.
Package: intcalc 2007/09/27 v1.1 Expandable calculations with integers (HO)
Package hobsub Info: Skipping package `ifpdf' (already loaded).
Package hobsub Info: Skipping package `etexcmds' (already loaded).
Package hobsub Info: Skipping package `kvsetkeys' (already loaded).
Package hobsub Info: Skipping package `kvdefinekeys' (already loaded).
Package hobsub Info: Skipping package `pdftexcmds' (already loaded).
Package: pdfescape 2011/11/25 v1.13 Implements pdfTeX's escape features (HO)
Package: bigintcalc 2012/04/08 v1.3 Expandable calculations on big integers (HO
)
Package: bitset 2011/01/30 v1.1 Handle bit-vector datatype (HO)
Package: uniquecounter 2011/01/30 v1.2 Provide unlimited unique counter (HO)
)
Package hobsub Info: Skipping package `hobsub' (already loaded).
Package: letltxmacro 2010/09/02 v1.4 Let assignment for LaTeX macros (HO)
Package: hopatch 2012/05/28 v1.2 Wrapper for package hooks (HO)
Package: xcolor-patch 2011/01/30 xcolor patch
Package: atveryend 2011/06/30 v1.8 Hooks at the very end of document (HO)
Package atveryend Info: \enddocument detected (standard20110627).
Package: atbegshi 2011/10/05 v1.16 At begin shipout hook (HO)
Package: refcount 2011/10/16 v3.4 Data extraction from label references (HO)
Package: hycolor 2011/01/30 v1.7 Color options for hyperref/bookmark (HO)
)
(/usr/share/texlive/texmf-dist/tex/generic/ifxetex/ifxetex.sty
Package: ifxetex 2010/09/12 v0.6 Provides ifxetex conditional
)
(/usr/share/texlive/texmf-dist/tex/latex/oberdiek/auxhook.sty
Package: auxhook 2011/03/04 v1.3 Hooks for auxiliary files (HO)
)
\@linkdim=\dimen143
\Hy@linkcounter=\count117
\Hy@pagecounter=\count118

(/usr/share/texlive/texmf-dist/tex/latex/hyperref/pd1enc.def
File: pd1enc.def 2012/11/06 v6.83m Hyperref: PDFDocEncoding definition (HO)
Now handling font encoding PD1 ...
... no UTF-8 mapping file for font encoding PD1
)
\Hy@SavedSpaceFactor=\count119

(/usr/share/texlive/texmf-dist/tex/latex/latexconfig/hyperref.cfg
File: hyperref.cfg 2002/06/06 v1.2 hyperref configuration of TeXLive
)
Package hyperref Info: Option `bookmarks' set `true' on input line 4319.
Package hyperref Info: Option `bookmarksopen' set `true' on input line 4319.
Package hyperref Info: Option `bookmarksnumbered' set `true' on input line 4319
.
Package hyperref Info: Option `hypertexnames' set `false' on input line 4319.
Package hyperref Info: Option `colorlinks' set `true' on input line 4319.
Package hyperref Info: Option `unicode' set `true' on input line 4319.

(/usr/share/texlive/texmf-dist/tex/latex/hyperref/puenc.def
File: puenc.def 2012/11/06 v6.83m Hyperref: PDF Unicode definition (HO)
Now handling font encoding PU ...
... no UTF-8 mapping file for font encoding PU
)
Package hyperref Info: Option `breaklinks' set `true' on input line 4319.
Package hyperref Info: Hyper figures OFF on input line 4443.
Package hyperref Info: Link nesting OFF on input line 4448.
Package hyperref Info: Hyper index ON on input line 4451.
Package hyperref Info: Plain pages OFF on input line 4458.
Package hyperref Info: Backreferencing OFF on input line 4463.
Package hyperref Info: Implicit mode ON; LaTeX internals redefined.
Package hyperref Info: Bookmarks ON on input line 4688.
\c@Hy@tempcnt=\count120

(/usr/share/texlive/texmf-dist/tex/latex/url/url.sty
\Urlmuskip=\muskip11
Package: url 2013/09/16  ver 3.4  Verb mode for urls, etc.
)
LaTeX Info: Redefining \url on input line 5041.
\XeTeXLinkMargin=\dimen144
\Fld@menulength=\count121
\Field@Width=\dimen145
\Fld@charsize=\dimen146
Package hyperref Info: Hyper figures OFF on input line 6295.
Package hyperref Info: Link nesting OFF on input line 6300.
Package hyperref Info: Hyper index ON on input line 6303.
Package hyperref Info: backreferencing OFF on input line 6310.
Package hyperref Info: Link coloring ON on input line 6313.
Package hyperref Info: Link coloring with OCG OFF on input line 6320.
Package hyperref Info: PDF/A mode OFF on input line 6325.
LaTeX Info: Redefining \ref on input line 6365.
LaTeX Info: Redefining \pageref on input line 6369.
\Hy@abspage=\count122
\c@Item=\count123
\c@Hfootnote=\count124
)

Package hyperref Message: Driver (autodetected): hpdftex.

(/usr/share/texlive/texmf-dist/tex/latex/hyperref/hpdftex.def
File: hpdftex.def 2012/11/06 v6.83m Hyperref driver for pdfTeX
\Fld@listcount=\count125
\c@bookmark@seq@number=\count126

(/usr/share/texlive/texmf-dist/tex/latex/oberdiek/rerunfilecheck.sty
Package: rerunfilecheck 2011/04/15 v1.7 Rerun checks for auxiliary files (HO)
Package uniquecounter Info: New unique counter `rerunfilecheck' on input line 2
82.
)
\Hy@SectionHShift=\skip60
)
\c@dummy=\count127

(/usr/share/texlive/texmf-dist/tex/latex/tools/longtable.sty
Package: longtable 2004/02/01 v4.11 Multi-page Table package (DPC)
\LTleft=\skip61
\LTright=\skip62
\LTpre=\skip63
\LTpost=\skip64
\LTchunksize=\count128
\LTcapwidth=\dimen147
\LT@head=\box31
\LT@firsthead=\box32
\LT@foot=\box33
\LT@lastfoot=\box34
\LT@cols=\count129
\LT@rows=\count130
\c@LT@tables=\count131
\c@LT@chunks=\count132
\LT@p@ftn=\toks31
))
(/usr/share/texlive/texmf-dist/tex/latex/float/float.sty
Package: float 2001/11/08 v1.3d Float enhancements (AL)
\c@float@type=\count133
\float@exts=\toks32
\float@box=\box35
\@float@everytoks=\toks33
\@floatcapt=\box36
)
(/usr/share/texlive/texmf-dist/tex/latex/natbib/natbib.sty
Package: natbib 2010/09/13 8.31b (PWD, AO)
\bibhang=\skip65
\bibsep=\skip66
LaTeX Info: Redefining \cite on input line 694.
\c@NAT@ctr=\count134
)
Package hyperref Info: Option `colorlinks' set `true' on input line 34.
 (./main.aux

LaTeX Warning: Label `sec:intro' multiply defined.


LaTeX Warning: Label `sec:implementation' multiply defined.


LaTeX Warning: Label `sec:app' multiply defined.


LaTeX Warning: Label `fig:scheme' multiply defined.


LaTeX Warning: Label `fig:surface' multiply defined.

)
\openout1 = `main.aux'.

LaTeX Font Info:    Checking defaults for OML/cmm/m/it on input line 37.
LaTeX Font Info:    ... okay on input line 37.
LaTeX Font Info:    Checking defaults for T1/cmr/m/n on input line 37.
LaTeX Font Info:    ... okay on input line 37.
LaTeX Font Info:    Checking defaults for OT1/cmr/m/n on input line 37.
LaTeX Font Info:    ... okay on input line 37.
LaTeX Font Info:    Checking defaults for OMS/cmsy/m/n on input line 37.
LaTeX Font Info:    ... okay on input line 37.
LaTeX Font Info:    Checking defaults for OMX/cmex/m/n on input line 37.
LaTeX Font Info:    ... okay on input line 37.
LaTeX Font Info:    Checking defaults for U/cmr/m/n on input line 37.
LaTeX Font Info:    ... okay on input line 37.
LaTeX Font Info:    Checking defaults for PD1/pdf/m/n on input line 37.
LaTeX Font Info:    ... okay on input line 37.
LaTeX Font Info:    Checking defaults for PU/pdf/m/n on input line 37.
LaTeX Font Info:    ... okay on input line 37.
Package caption Info: Begin \AtBeginDocument code.
Package caption Info: float package is loaded.
Package caption Info: hyperref package is loaded.
Package caption Info: listings package is loaded.
Package caption Info: longtable package is loaded.
 (/usr/share/texlive/texmf-dist/tex/latex/caption/ltcaption.sty
Package: ltcaption 2013/02/03 v1.3-62 longtable captions (AR)
)
Package caption Info: rotating package is loaded.
Package caption Info: End \AtBeginDocument code.

(/usr/share/texlive/texmf-dist/tex/context/base/supp-pdf.mkii
[Loading MPS to PDF converter (version 2006.09.02).]
\scratchcounter=\count135
\scratchdimen=\dimen148
\scratchbox=\box37
\nofMPsegments=\count136
\nofMParguments=\count137
\everyMPshowfont=\toks34
\MPscratchCnt=\count138
\MPscratchDim=\dimen149
\MPnumerator=\count139
\makeMPintoPDFobject=\count140
\everyMPtoPDFconversion=\toks35
)
\c@lstlisting=\count141
\AtBeginShipoutBox=\box38
 (/usr/share/texlive/texmf-dist/tex/latex/graphics/color.sty
Package: color 2005/11/14 v1.0j Standard LaTeX Color (DPC)

(/usr/share/texlive/texmf-dist/tex/latex/latexconfig/color.cfg
File: color.cfg 2007/01/18 v1.5 color configuration of teTeX/TeXLive
)
Package color Info: Driver file: pdftex.def on input line 130.
)
Package hyperref Info: Link coloring ON on input line 37.

(/usr/share/texlive/texmf-dist/tex/latex/hyperref/nameref.sty
Package: nameref 2012/10/27 v2.43 Cross-referencing by name of section

(/usr/share/texlive/texmf-dist/tex/generic/oberdiek/gettitlestring.sty
Package: gettitlestring 2010/12/03 v1.4 Cleanup title references (HO)
)
\c@section@level=\count142
)
LaTeX Info: Redefining \ref on input line 37.
LaTeX Info: Redefining \pageref on input line 37.
LaTeX Info: Redefining \nameref on input line 37.

(./main.out) (./main.out)
\@outlinefile=\write3
\openout3 = `main.out'.



Package hyperref Warning: Token not allowed in a PDF string (Unicode):
(hyperref)                removing `math shift' on input line 69.


Package hyperref Warning: Token not allowed in a PDF string (Unicode):
(hyperref)                removing `\alpha' on input line 69.


Package hyperref Warning: Token not allowed in a PDF string (Unicode):
(hyperref)                removing `math shift' on input line 69.

<logoUniandes.png, id=188, 142.5325pt x 92.345pt>
File: logoUniandes.png Graphic file (type png)
 <use logoUniandes.png>
Package pdftex.def Info: logoUniandes.png used on input line 83.
(pdftex.def)             Requested size: 71.26607pt x 46.17238pt.
LaTeX Font Info:    Try loading font information for U+msa on input line 87.

(/usr/share/texlive/texmf-dist/tex/latex/amsfonts/umsa.fd
File: umsa.fd 2013/01/14 v3.01 AMS symbols A
)
LaTeX Font Info:    Try loading font information for U+msb on input line 87.

(/usr/share/texlive/texmf-dist/tex/latex/amsfonts/umsb.fd
File: umsb.fd 2013/01/14 v3.01 AMS symbols B
) [1



{/var/lib/texmf/fonts/map/pdftex/updmap/pdftex.map} <./logoUniandes.png>] [1]
------------------------------------------------------------------------------
 Acknowledgements
------------------------------------------------------------------------------
[2

]
------------------------------------------------------------------------------
 Table of Contents
------------------------------------------------------------------------------
(./main.toc [3


])
\tf@toc=\write4
\openout4 = `main.toc'.

 [4]
------------------------------------------------------------------------------
 List of Figures
------------------------------------------------------------------------------
(./main.lof
Overfull \hbox (7.45482pt too wide) in paragraph at lines 2--2
 [][] [][][]\OT1/cmr/m/n/10.95 Scattering scheme of a Ly$\OML/cmm/m/it/10.95 $
 \OT1/cmr/m/n/10.95 pho-ton in a HI medium (The star is a Ly$\OML/cmm/m/it/10.9
5 $ \OT1/cmr/m/n/10.95 source 
 []

[5


]
Overfull \hbox (14.32265pt too wide) in paragraph at lines 14--14
 [][] [][][]\OT1/cmr/m/n/10.95 Integrated flux dis-tri-bu-tion as a func-tion o
f the view-ing an-gle as parametrized 
 []

)
\tf@lof=\write5
\openout5 = `main.lof'.

 [6]
------------------------------------------------------------------------------
 List of Tables
------------------------------------------------------------------------------
(./main.lot)
\tf@lot=\write6
\openout6 = `main.lot'.

 [7


]
------------------------------------------------------------------------------
 Dedicatory
------------------------------------------------------------------------------
[8

] (./Chapters/Introduction.tex
Chapter 1.
------------------------------------------------------------------------------
 1 Introduction
------------------------------------------------------------------------------
[1



]

Package hyperref Warning: Token not allowed in a PDF string (Unicode):
(hyperref)                removing `math shift' on input line 92.


Package hyperref Warning: Token not allowed in a PDF string (Unicode):
(hyperref)                removing `\alpha' on input line 92.


Package hyperref Warning: Token not allowed in a PDF string (Unicode):
(hyperref)                removing `math shift' on input line 92.


LaTeX Warning: Command \r invalid in math mode on input line 99.

[2]
LaTeX Font Info:    Try loading font information for OMS+cmr on input line 113.

 (/usr/share/texlive/texmf-dist/tex/latex/base/omscmr.fd
File: omscmr.fd 1999/05/25 v2.5h Standard LaTeX font definitions
)
LaTeX Font Info:    Font shape `OMS/cmr/m/n' in size <10.95> not available
(Font)              Font shape `OMS/cmsy/m/n' tried instead on input line 113.
 [3]

Package hyperref Warning: Token not allowed in a PDF string (Unicode):
(hyperref)                removing `math shift' on input line 174.


Package hyperref Warning: Token not allowed in a PDF string (Unicode):
(hyperref)                removing `\alpha' on input line 174.


Package hyperref Warning: Token not allowed in a PDF string (Unicode):
(hyperref)                removing `math shift' on input line 174.

[4]

Package hyperref Warning: Token not allowed in a PDF string (Unicode):
(hyperref)                removing `math shift' on input line 224.


Package hyperref Warning: Token not allowed in a PDF string (Unicode):
(hyperref)                removing `subscript' on input line 224.


Package hyperref Warning: Token not allowed in a PDF string (Unicode):
(hyperref)                removing `math shift' on input line 224.


Package caption Warning: \label without proper \caption on input line 247.
See the caption package documentation for explanation.


LaTeX Warning: Reference `fig:rw' on page 5 undefined on input line 250.


Underfull \hbox (badness 10000) in paragraph at lines 245--251

 []

<Pictures/../Figures/randomwalk.png, id=450, 488.82625pt x 328.22626pt>
File: Pictures/../Figures/randomwalk.png Graphic file (type png)

<use Pictures/../Figures/randomwalk.png>
Package pdftex.def Info: Pictures/../Figures/randomwalk.png used on input line 
254.
(pdftex.def)             Requested size: 195.52702pt x 131.28816pt.
 [5]

LaTeX Warning: Reference `fig_xshift' on page 6 undefined on input line 262.

<Pictures/../Figures/xshift.png, id=461, 555.07375pt x 457.71pt>
File: Pictures/../Figures/xshift.png Graphic file (type png)

<use Pictures/../Figures/xshift.png>
Package pdftex.def Info: Pictures/../Figures/xshift.png used on input line 270.

(pdftex.def)             Requested size: 222.02556pt x 183.08075pt.
 [6 <./Pictures/../Figures/randomwalk.png> <./Pictures/../Figures/xshift.png>]

Package hyperref Warning: Token not allowed in a PDF string (Unicode):
(hyperref)                removing `math shift' on input line 321.


Package hyperref Warning: Token not allowed in a PDF string (Unicode):
(hyperref)                removing `\alpha' on input line 321.


Package hyperref Warning: Token not allowed in a PDF string (Unicode):
(hyperref)                removing `math shift' on input line 321.


Package caption Warning: \label without proper \caption on input line 330.
See the caption package documentation for explanation.


LaTeX Warning: Reference `fig:IGM' on page 7 undefined on input line 329.

<Pictures/../Figures/ISM.png, id=474, 697.60625pt x 195.73125pt>
File: Pictures/../Figures/ISM.png Graphic file (type png)

<use Pictures/../Figures/ISM.png>
Package pdftex.def Info: Pictures/../Figures/ISM.png used on input line 340.
(pdftex.def)             Requested size: 418.56697pt x 117.43964pt.

Overfull \hbox (1.0939pt too wide) in paragraph at lines 340--341
 [] 
 []

[7]

Package caption Warning: \label without proper \caption on input line 345.
See the caption package documentation for explanation.


LaTeX Warning: Reference `fig:kulas' on page 8 undefined on input line 347.

<Pictures/../Figures/kulas.png, id=485, 945.5325pt x 572.1375pt>
File: Pictures/../Figures/kulas.png Graphic file (type png)

<use Pictures/../Figures/kulas.png>
Package pdftex.def Info: Pictures/../Figures/kulas.png used on input line 355.
(pdftex.def)             Requested size: 378.2063pt x 228.85094pt.
 [8 <./Pictures/../Figures/ISM.png> <./Pictures/../Figures/kulas.png>] [9]

Package hyperref Warning: Token not allowed in a PDF string (Unicode):
(hyperref)                removing `math shift' on input line 433.


Package hyperref Warning: Token not allowed in a PDF string (Unicode):
(hyperref)                removing `\alpha' on input line 433.


Package hyperref Warning: Token not allowed in a PDF string (Unicode):
(hyperref)                removing `math shift' on input line 433.


Package natbib Warning: Citation `eufeld90' on page 10 undefined on input line 
437.


Package caption Warning: \label without proper \caption on input line 451.
See the caption package documentation for explanation.


LaTeX Warning: Reference `fig:slab' on page 10 undefined on input line 455.

<Pictures/../Figures/slab.png, id=516, 905.3825pt x 311.1625pt>
File: Pictures/../Figures/slab.png Graphic file (type png)

<use Pictures/../Figures/slab.png>
Package pdftex.def Info: Pictures/../Figures/slab.png used on input line 461.
(pdftex.def)             Requested size: 362.14659pt x 124.46278pt.
 [10]

Package caption Warning: \label without proper \caption on input line 470.
See the caption package documentation for explanation.


LaTeX Warning: Reference `fig:sphere' on page 11 undefined on input line 476.

<Pictures/../Figures/Sphere.png, id=530, 419.5675pt x 397.485pt>
File: Pictures/../Figures/Sphere.png Graphic file (type png)

<use Pictures/../Figures/Sphere.png>
Package pdftex.def Info: Pictures/../Figures/Sphere.png used on input line 480.

(pdftex.def)             Requested size: 167.82402pt x 158.99118pt.
 [11 <./Pictures/../Figures/slab.png> <./Pictures/../Figures/Sphere.png>] [12]

Package hyperref Warning: Token not allowed in a PDF string (Unicode):
(hyperref)                removing `math shift' on input line 560.


Package hyperref Warning: Token not allowed in a PDF string (Unicode):
(hyperref)                removing `\alpha' on input line 560.


Package hyperref Warning: Token not allowed in a PDF string (Unicode):
(hyperref)                removing `math shift' on input line 560.


Package caption Warning: \label without proper \caption on input line 575.
See the caption package documentation for explanation.


LaTeX Warning: Reference `fig:out' on page 13 undefined on input line 578.

<Pictures/../Figures/out.png, id=565, 433.62pt x 391.4625pt>
File: Pictures/../Figures/out.png Graphic file (type png)

<use Pictures/../Figures/out.png>
Package pdftex.def Info: Pictures/../Figures/out.png used on input line 585.
(pdftex.def)             Requested size: 173.44492pt x 156.58221pt.
 [13] [14 <./Pictures/../Figures/out.png>]

Package caption Warning: \label without proper \caption on input line 670.
See the caption package documentation for explanation.


LaTeX Warning: Reference `fig:LARS' on page 15 undefined on input line 673.

[15] <Pictures/../Figures/LARS02_fit.png, id=593, 433.62pt x 289.08pt>
File: Pictures/../Figures/LARS02_fit.png Graphic file (type png)

<use Pictures/../Figures/LARS02_fit.png>
Package pdftex.def Info: Pictures/../Figures/LARS02_fit.png used on input line 
680.
(pdftex.def)             Requested size: 346.89647pt x 231.2643pt.
) (./Chapters/Chapter2.tex [16 <./Pictures/../Figures/LARS02_fit.png>]
Chapter 2.

Package hyperref Warning: Token not allowed in a PDF string (Unicode):
(hyperref)                removing `math shift' on input line 3.


Package hyperref Warning: Token not allowed in a PDF string (Unicode):
(hyperref)                removing `\alpha' on input line 3.


Package hyperref Warning: Token not allowed in a PDF string (Unicode):
(hyperref)                removing `math shift' on input line 3.

------------------------------------------------------------------------------
 2 The effect of gas bulk rotation on the morphology of the {{Ly$\alpha $\nobre
akspace {}}}line
------------------------------------------------------------------------------
[17

] [18] [19] <Pictures/../Figures/f1.pdf, id=665, 628.2534pt x 562.62381pt>
File: Pictures/../Figures/f1.pdf Graphic file (type pdf)

<use Pictures/../Figures/f1.pdf>
Package pdftex.def Info: Pictures/../Figures/f1.pdf used on input line 187.
(pdftex.def)             Requested size: 166.98668pt x 149.54102pt.

<Pictures/../Figures/f2.pdf, id=666, 1393.04535pt x 1157.60936pt>
File: Pictures/../Figures/f2.pdf Graphic file (type pdf)

<use Pictures/../Figures/f2.pdf>
Package pdftex.def Info: Pictures/../Figures/f2.pdf used on input line 201.
(pdftex.def)             Requested size: 396.59813pt x 329.56882pt.

<Pictures/../Figures/f3.pdf, id=667, 1395.07454pt x 1157.60936pt>
File: Pictures/../Figures/f3.pdf Graphic file (type pdf)

<use Pictures/../Figures/f3.pdf>
Package pdftex.def Info: Pictures/../Figures/f3.pdf used on input line 219.
(pdftex.def)             Requested size: 396.59813pt x 329.0919pt.

<Pictures/../Figures/f4.pdf, id=670, 1310.02927pt x 1147.54308pt>
File: Pictures/../Figures/f4.pdf Graphic file (type pdf)

<use Pictures/../Figures/f4.pdf>
Package pdftex.def Info: Pictures/../Figures/f4.pdf used on input line 227.
(pdftex.def)             Requested size: 396.59813pt x 347.39987pt.

<Pictures/../Figures/f4-2.pdf, id=675, 1300.71321pt x 1159.69994pt>
File: Pictures/../Figures/f4-2.pdf Graphic file (type pdf)

<use Pictures/../Figures/f4-2.pdf>
Package pdftex.def Info: Pictures/../Figures/f4-2.pdf used on input line 239.
(pdftex.def)             Requested size: 396.59813pt x 353.59294pt.
 [20 <./Pictures/../Figures/f1.pdf>] [21 <./Pictures/../Figures/f2.pdf>] [22 <.
/Pictures/../Figures/f3.pdf>] [23 <./Pictures/../Figures/f4.pdf>] [24 <./Pictur
es/../Figures/f4-2.pdf>]
<Pictures/../Figures/f5.pdf, id=1598, 657.25237pt x 595.6472pt>
File: Pictures/../Figures/f5.pdf Graphic file (type pdf)

<use Pictures/../Figures/f5.pdf>
Package pdftex.def Info: Pictures/../Figures/f5.pdf used on input line 371.
(pdftex.def)             Requested size: 166.98668pt x 151.32906pt.
 [25]
<Pictures/../Figures/f6.pdf, id=1605, 1315.14151pt x 599.71844pt>
File: Pictures/../Figures/f6.pdf Graphic file (type pdf)

<use Pictures/../Figures/f6.pdf>
Package pdftex.def Info: Pictures/../Figures/f6.pdf used on input line 421.
(pdftex.def)             Requested size: 396.59813pt x 180.85031pt.
 [26 <./Pictures/../Figures/f5.pdf>]
<Pictures/../Figures/f7.pdf, id=1665, 1265.00719pt x 556.74092pt>
File: Pictures/../Figures/f7.pdf Graphic file (type pdf)

<use Pictures/../Figures/f7.pdf>
Package pdftex.def Info: Pictures/../Figures/f7.pdf used on input line 432.
(pdftex.def)             Requested size: 396.59813pt x 174.5418pt.
 [27 <./Pictures/../Figures/f6.pdf> <./Pictures/../Figures/f7.pdf

pdfTeX warning: pdflatex (file ./Pictures/../Figures/f7.pdf): PDF inclusion: mu
ltiple pdfs with page group included in a single page
>] <Pictures/../Figures/f8.pdf, id=1788, 1314.20049pt x 586.85838pt>
File: Pictures/../Figures/f8.pdf Graphic file (type pdf)

<use Pictures/../Figures/f8.pdf>
Package pdftex.def Info: Pictures/../Figures/f8.pdf used on input line 482.
(pdftex.def)             Requested size: 396.59813pt x 177.09761pt.
 [28 <./Pictures/../Figures/f8.pdf>] [29]
<Pictures/../Figures/f12.pdf, id=1851, 618.90598pt x 572.6613pt>
File: Pictures/../Figures/f12.pdf Graphic file (type pdf)

<use Pictures/../Figures/f12.pdf>
Package pdftex.def Info: Pictures/../Figures/f12.pdf used on input line 571.
(pdftex.def)             Requested size: 187.8616pt x 173.82695pt.

<Pictures/../Figures/f13.pdf, id=1852, 627.92404pt x 598.0452pt>
File: Pictures/../Figures/f13.pdf Graphic file (type pdf)

<use Pictures/../Figures/f13.pdf>
Package pdftex.def Info: Pictures/../Figures/f13.pdf used on input line 572.
(pdftex.def)             Requested size: 187.8616pt x 178.92216pt.
 [30 <./Pictures/../Figures/f12.pdf> <./Pictures/../Figures/f13.pdf

pdfTeX warning: pdflatex (file ./Pictures/../Figures/f13.pdf): PDF inclusion: m
ultiple pdfs with page group included in a single page
>] <Pictures/../Figures/fig10a.pdf, id=2237, 686.565pt x 469.755pt>
File: Pictures/../Figures/fig10a.pdf Graphic file (type pdf)

<use Pictures/../Figures/fig10a.pdf>
Package pdftex.def Info: Pictures/../Figures/fig10a.pdf used on input line 654.

(pdftex.def)             Requested size: 204.56409pt x 139.95992pt.

<Pictures/../Figures/fig10b.pdf, id=2238, 686.565pt x 469.755pt>
File: Pictures/../Figures/fig10b.pdf Graphic file (type pdf)

<use Pictures/../Figures/fig10b.pdf>
Package pdftex.def Info: Pictures/../Figures/fig10b.pdf used on input line 655.

(pdftex.def)             Requested size: 204.56409pt x 139.95992pt.
 [31] [32 <./Pictures/../Figures/fig10a.pdf> <./Pictures/../Figures/fig10b.pdf

pdfTeX warning: pdflatex (file ./Pictures/../Figures/fig10b.pdf): PDF inclusion
: multiple pdfs with page group included in a single page
>] [33]

Package hyperref Warning: Token not allowed in a PDF string (Unicode):
(hyperref)                removing `math shift' on input line 802.


Package hyperref Warning: Token not allowed in a PDF string (Unicode):
(hyperref)                removing `\alpha' on input line 802.


Package hyperref Warning: Token not allowed in a PDF string (Unicode):
(hyperref)                removing `math shift' on input line 802.

<Pictures/../Figures/fig11a.pdf, id=2394, 845.1575pt x 597.23125pt>
File: Pictures/../Figures/fig11a.pdf Graphic file (type pdf)

<use Pictures/../Figures/fig11a.pdf>
Package pdftex.def Info: Pictures/../Figures/fig11a.pdf used on input line 815.

(pdftex.def)             Requested size: 227.62204pt x 160.8445pt.

<Pictures/../Figures/fig11b.pdf, id=2395, 845.1575pt x 597.23125pt>
File: Pictures/../Figures/fig11b.pdf Graphic file (type pdf)

<use Pictures/../Figures/fig11b.pdf>
Package pdftex.def Info: Pictures/../Figures/fig11b.pdf used on input line 815.

(pdftex.def)             Requested size: 227.62204pt x 160.8445pt.
 [34] [35 <./Pictures/../Figures/fig11a.pdf> <./Pictures/../Figures/fig11b.pdf>
]
<Pictures/../Figures/fig12a.pdf, id=2472, 559.08875pt x 566.115pt>
File: Pictures/../Figures/fig12a.pdf Graphic file (type pdf)

<use Pictures/../Figures/fig12a.pdf>
Package pdftex.def Info: Pictures/../Figures/fig12a.pdf used on input line 888.

(pdftex.def)             Requested size: 125.24318pt x 126.80888pt.

<Pictures/../Figures/fig12b.pdf, id=2473, 559.08875pt x 553.06625pt>
File: Pictures/../Figures/fig12b.pdf Graphic file (type pdf)

<use Pictures/../Figures/fig12b.pdf>
Package pdftex.def Info: Pictures/../Figures/fig12b.pdf used on input line 888.

(pdftex.def)             Requested size: 125.24318pt x 123.88599pt.

<Pictures/../Figures/fig12c.pdf, id=2474, 559.08875pt x 566.115pt>
File: Pictures/../Figures/fig12c.pdf Graphic file (type pdf)

<use Pictures/../Figures/fig12c.pdf>
Package pdftex.def Info: Pictures/../Figures/fig12c.pdf used on input line 888.

(pdftex.def)             Requested size: 125.24318pt x 126.80888pt.
)

LaTeX Warning: `h' float specifier changed to `ht'.

(./Appendices/AppendixA.tex [36] [37 <./Pictures/../Figures/fig12a.pdf> <./Pict
ures/../Figures/fig12b.pdf

pdfTeX warning: pdflatex (file ./Pictures/../Figures/fig12b.pdf): PDF inclusion
: multiple pdfs with page group included in a single page
> <./Pictures/../Figures/fig12c.pdf

pdfTeX warning: pdflatex (file ./Pictures/../Figures/fig12c.pdf): PDF inclusion
: multiple pdfs with page group included in a single page
>]
Appendix A.

Package hyperref Warning: Token not allowed in a PDF string (Unicode):
(hyperref)                removing `math shift' on input line 3.


Package hyperref Warning: Token not allowed in a PDF string (Unicode):
(hyperref)                removing `\alpha' on input line 3.


Package hyperref Warning: Token not allowed in a PDF string (Unicode):
(hyperref)                removing `math shift' on input line 3.

------------------------------------------------------------------------------
 A Analytic Expression for the Ly$\alpha $ Spectrum emerging from Rotating Clou
d
------------------------------------------------------------------------------
File: Pictures/../Figures/fig11a.pdf Graphic file (type pdf)
<use Pictures/../Figures/fig11a.pdf>
Package pdftex.def Info: Pictures/../Figures/fig11a.pdf used on input line 20.
(pdftex.def)             Requested size: 227.62204pt x 160.8445pt.
File: Pictures/../Figures/fig11b.pdf Graphic file (type pdf)
 <use Pictures/../Figures/fig11b.pdf>
Package pdftex.def Info: Pictures/../Figures/fig11b.pdf used on input line 20.
(pdftex.def)             Requested size: 227.62204pt x 160.8445pt.

[38

]
File: Pictures/../Figures/fig12a.pdf Graphic file (type pdf)
 <use Pictures/../Figures/fig12a.pdf>
Package pdftex.def Info: Pictures/../Figures/fig12a.pdf used on input line 93.
(pdftex.def)             Requested size: 125.24318pt x 126.80888pt.
File: Pictures/../Figures/fig12b.pdf Graphic file (type pdf)
 <use Pictures/../Figures/fig12b.pdf>
Package pdftex.def Info: Pictures/../Figures/fig12b.pdf used on input line 93.
(pdftex.def)             Requested size: 125.24318pt x 123.88599pt.
File: Pictures/../Figures/fig12c.pdf Graphic file (type pdf)

<use Pictures/../Figures/fig12c.pdf>
Package pdftex.def Info: Pictures/../Figures/fig12c.pdf used on input line 93.
(pdftex.def)             Requested size: 125.24318pt x 126.80888pt.
) [39] [40]
------------------------------------------------------------------------------
 Bibliography
------------------------------------------------------------------------------
(./main.bbl
! Undefined control sequence.
<recently read> \apj 
                     
l.11 \newblock \emph{\apj}
                          , 147:\penalty0 868, March 1967.
? 
! Undefined control sequence.
<recently read> \apj 
                     
l.18 \newblock \emph{\apj}
                          , 135:\penalty0 195, January 1962.
? 
! Undefined control sequence.
<recently read> \apj 
                     
l.24 \newblock \emph{\apj}
                          , 174:\penalty0 439, June 1972.
? 
! Undefined control sequence.
<recently read> \mnras 
                       
l.31 \newblock \emph{\mnras}
                            , 162:\penalty0 43, 1973.
? 
! Undefined control sequence.
<recently read> \apj 
                     
l.37 \newblock \emph{\apj}
                          , 350:\penalty0 216--241, February 1990.
? 
! Undefined control sequence.
<recently read> \nat 
                     
l.51 \newblock \emph{\nat}
                          , 467:\penalty0 940--942, October 2010.
? 
! Undefined control sequence.
<recently read> \apjl 
                      
l.60 \newblock \emph{\apjl}
                           , 765:\penalty0 L2, March 2013.
? 
! Undefined control sequence.
<recently read> \mnras 
                       
l.67 \newblock \emph{\mnras}
                            , 424:\penalty0 1672--1693, August 2012.
? 
! Undefined control sequence.
<recently read> \apj 
                     
l.75 \newblock \emph{\apj}
                          , 704:\penalty0 1640--1656, October 2009.
? 
! Undefined control sequence.
<recently read> \aap 
                     
l.83 \newblock \emph{\aap}
                          , 460:\penalty0 397--413, December 2006.
? 
[41


]
! Undefined control sequence.
<recently read> \mnras 
                       
l.92 \newblock \emph{\mnras}
                            , 415:\penalty0 3666--3680, August 2011.
? 
! Undefined control sequence.
<recently read> \apj 
                     
l.101 \newblock \emph{\apj}
                           , 598:\penalty0 858--877, December 2003.
? 
! Undefined control sequence.
<recently read> \apj 
                     
l.116 \newblock \emph{\apj}
                           , 797:\penalty0 11, December 2014.
? 
! Undefined control sequence.
<recently read> \apj 
                     
l.139 \newblock \emph{\apj}
                           , 704:\penalty0 306--323, October 2009.
? 
! Undefined control sequence.
<recently read> \mnras 
                       
l.157 \newblock \emph{\mnras}
                             , 395:\penalty0 1905--1914, June 2009.
? 
! Undefined control sequence.
<recently read> \apj 
                     
l.164 \newblock \emph{\apj}
                           , 766:\penalty0 124, April 2013.
? 
! Undefined control sequence.
l.171 \newblock {Keck Spectroscopy of Faint 3 {\lt
                                                  } z {\lt} 8 Lyman Break Ga...

? 
! Undefined control sequence.
l.171 ...Keck Spectroscopy of Faint 3 {\lt} z {\lt
                                                  } 8 Lyman Break Galaxies:
? 
! Undefined control sequence.
l.173   Range 6 {\lt
                    } z {\lt} 8}.
? 
! Undefined control sequence.
l.173   Range 6 {\lt} z {\lt
                            } 8}.
? 
! Undefined control sequence.
<recently read> \apj 
                     
l.174 \newblock \emph{\apj}
                           , 744:\penalty0 179, January 2012{\natexlab{a}}.
? 
[42]
! Undefined control sequence.
<recently read> \pasj 
                      
l.195 \newblock \emph{\pasj}
                            , 7:\penalty0 81, 1955.
? 
! Undefined control sequence.
<recently read> \apj 
                     
l.201 \newblock \emph{\apj}
                           , 649:\penalty0 14--36, September 2006.
? 
! Undefined control sequence.
<recently read> \aap 
                     
l.210 \newblock \emph{\aap}
                           , 546:\penalty0 A111, October 2012.
? 
! Undefined control sequence.
<recently read> \apj 
                     
l.218 \newblock \emph{\apj}
                           , 754:\penalty0 118, August 2012.
? 
! Undefined control sequence.
<recently read> \mnras 
                       
l.224 \newblock \emph{\mnras}
                             , 340:\penalty0 863--869, April 2003.
? 
! Undefined control sequence.
<recently read> \mnras 
                       
l.230 \newblock \emph{\mnras}
                             , 367:\penalty0 979--1002, April 2006.
? 
! Undefined control sequence.
<recently read> \aap 
                     
l.242 \newblock \emph{\aap}
                           , 563:\penalty0 A77, March 2014.
? 
! Undefined control sequence.
<recently read> \mnras 
                       
l.250 \newblock \emph{\mnras}
                             , 419:\penalty0 952--958, January 2012.
? 
! Undefined control sequence.
<recently read> \mnras 
                       
l.258 \newblock \emph{\mnras}
                             , 416:\penalty0 1723--1738, September 2011.
? 
[43]
! Undefined control sequence.
<recently read> \apjl 
                      
l.266 \newblock \emph{\apjl}
                            , 545:\penalty0 L85--L88, December 2000.
? 

Underfull \hbox (badness 2173) in paragraph at lines 272--283
[]\OT1/cmr/m/n/10.95 E. Ga-wiser, H. Francke, K. Lai, K. Schaw-in-ski, C. Gron-
wall, R. Cia-r-
 []

! Undefined control sequence.
<recently read> \apjs 
                      
l.301 \newblock \emph{\apjs}
                            , 176:\penalty0 301--330, June 2008.
? 
! Undefined control sequence.
<recently read> \aj 
                    
l.309 \newblock \emph{\aj}
                          , 143:\penalty0 79, April 2012.
? 
! Undefined control sequence.
l.316 \newblock {Keck Spectroscopy of Faint 3 {\lt
                                                  } z {\lt} 8 Lyman Break Ga...

? 
! Undefined control sequence.
l.316 ...Keck Spectroscopy of Faint 3 {\lt} z {\lt
                                                  } 8 Lyman Break Galaxies:
? 
! Undefined control sequence.
l.318   Range 6 {\lt
                    } z {\lt} 8}.
? 
! Undefined control sequence.
l.318   Range 6 {\lt} z {\lt
                            } 8}.
? 
[44]
! Undefined control sequence.
<recently read> \apj 
                     
l.341 \newblock \emph{\apj}
                           , 524:\penalty0 527--535, October 1999.
? 
! Undefined control sequence.
<recently read> \apj 
                     
l.347 \newblock \emph{\apj}
                           , 153:\penalty0 783, September 1968.
? 
! Undefined control sequence.
<recently read> \apj 
                     
l.354 \newblock \emph{\apj}
                           , 152:\penalty0 493, May 1968.
? 
! Undefined control sequence.
<recently read> \apj 
                     
l.367 \newblock \emph{\apj}
                           , 554:\penalty0 604--614, June 2001.
? 
! Undefined control sequence.
<recently read> \apj 
                     
l.374 \newblock \emph{\apj}
                           , 578:\penalty0 33--42, October 2002.
? 
! Undefined control sequence.
<recently read> \mnras 
                       
l.381 \newblock \emph{\mnras}
                             , 425:\penalty0 87--115, September 2012.
? 
! Undefined control sequence.
<recently read> \mnras 
                       
l.389 \newblock \emph{\mnras}
                             , 422:\penalty0 310--325, May 2012.
? 
! Undefined control sequence.
<recently read> \aap 
                     
l.396 \newblock \emph{\aap}
                           , 556:\penalty0 A5, August 2013.
? 
! Undefined control sequence.
<recently read> \mnras 
                       
l.409 \newblock \emph{\mnras}
                             , 421:\penalty0 2568--2579, April 2012.
? 
[45])

Package natbib Warning: There were undefined citations.

Package atveryend Info: Empty hook `BeforeClearDocument' on input line 341.
[46]
Package atveryend Info: Empty hook `AfterLastShipout' on input line 341.
 (./main.aux)
Package atveryend Info: Executing hook `AtVeryEndDocument' on input line 341.
Package atveryend Info: Executing hook `AtEndAfterFileList' on input line 341.


Package rerunfilecheck Warning: File `main.out' has changed.
(rerunfilecheck)                Rerun to get outlines right
(rerunfilecheck)                or use package `bookmark'.

Package rerunfilecheck Info: Checksums for `main.out':
(rerunfilecheck)             Before: 8DCB222B29CD678A6E2791A944592966;10148
(rerunfilecheck)             After:  3B63018AE3E4EB154C8CEE91BD17BCE9;10140.

LaTeX Warning: There were undefined references.


LaTeX Warning: There were multiply-defined labels.

Package atveryend Info: Empty hook `AtVeryVeryEnd' on input line 341.
 ) 
Here is how much of TeX's memory you used:
 13697 strings out of 494985
 193102 string characters out of 6180357
 281197 words of memory out of 5000000
 16465 multiletter control sequences out of 15000+600000
 26427 words of font info for 99 fonts, out of 8000000 for 9000
 36 hyphenation exceptions out of 8191
 49i,14n,45p,805b,537s stack positions out of 5000i,500n,10000p,200000b,80000s
</usr/share/texlive/texmf-dist/fonts/type1/public/amsfonts/cm/cmbx10.pfb></us
r/share/texlive/texmf-dist/fonts/type1/public/amsfonts/cm/cmbx12.pfb></usr/shar
e/texlive/texmf-dist/fonts/type1/public/amsfonts/cm/cmbx9.pfb></usr/share/texli
ve/texmf-dist/fonts/type1/public/amsfonts/cm/cmbxti10.pfb></usr/share/texlive/t
exmf-dist/fonts/type1/public/amsfonts/cm/cmcsc10.pfb></usr/share/texlive/texmf-
dist/fonts/type1/public/amsfonts/cm/cmex10.pfb></usr/share/texlive/texmf-dist/f
onts/type1/public/amsfonts/cm/cmmi10.pfb></usr/share/texlive/texmf-dist/fonts/t
ype1/public/amsfonts/cm/cmmi12.pfb></usr/share/texlive/texmf-dist/fonts/type1/p
ublic/amsfonts/cm/cmmi7.pfb></usr/share/texlive/texmf-dist/fonts/type1/public/a
msfonts/cm/cmmi8.pfb></usr/share/texlive/texmf-dist/fonts/type1/public/amsfonts
/cm/cmmi9.pfb></usr/share/texlive/texmf-dist/fonts/type1/public/amsfonts/cm/cmr
10.pfb></usr/share/texlive/texmf-dist/fonts/type1/public/amsfonts/cm/cmr12.pfb>
</usr/share/texlive/texmf-dist/fonts/type1/public/amsfonts/cm/cmr6.pfb></usr/sh
are/texlive/texmf-dist/fonts/type1/public/amsfonts/cm/cmr7.pfb></usr/share/texl
ive/texmf-dist/fonts/type1/public/amsfonts/cm/cmr8.pfb></usr/share/texlive/texm
f-dist/fonts/type1/public/amsfonts/cm/cmr9.pfb></usr/share/texlive/texmf-dist/f
onts/type1/public/amsfonts/cm/cmsl12.pfb></usr/share/texlive/texmf-dist/fonts/t
ype1/public/amsfonts/cm/cmsy10.pfb></usr/share/texlive/texmf-dist/fonts/type1/p
ublic/amsfonts/cm/cmsy6.pfb></usr/share/texlive/texmf-dist/fonts/type1/public/a
msfonts/cm/cmsy7.pfb></usr/share/texlive/texmf-dist/fonts/type1/public/amsfonts
/cm/cmsy8.pfb></usr/share/texlive/texmf-dist/fonts/type1/public/amsfonts/cm/cmt
i10.pfb></usr/share/texlive/texmf-dist/fonts/type1/public/amsfonts/cm/cmti12.pf
b></usr/share/texlive/texmf-dist/fonts/type1/public/amsfonts/cm/cmti9.pfb></usr
/share/texlive/texmf-dist/fonts/type1/public/amsfonts/cm/cmtt10.pfb>
Output written on main.pdf (55 pages, 1872588 bytes).
PDF statistics:
 2862 PDF objects out of 2984 (max. 8388607)
 1302 compressed objects within 14 object streams
 213 named destinations out of 1000 (max. 500000)
 504 words of extra memory for PDF output out of 10000 (max. 10000000)

