This is pdfTeX, Version 3.1415926-2.5-1.40.14 (TeX Live 2013/Debian) (format=pdflatex 2015.3.2)  20 MAY 2015 13:08
entering extended mode
 restricted \write18 enabled.
 %&-line parsing enabled.
**main.tex
(./main.tex
LaTeX2e <2011/06/27>
Babel <3.9h> and hyphenation patterns for 4 languages loaded.
(/usr/share/texmf/tex/latex/beamer/base/beamer.cls
(/usr/share/texmf/tex/latex/beamer/base/beamerbasercs.sty
Package: beamerbasercs 2012/11/13 (rcs-revision cb16a617839f)
)
Document Class: beamer 2012/10/15 development version 3.24 A class for typesett
ing presentations (rcs-revision 24853e6b98cf)
(/usr/share/texmf/tex/latex/beamer/base/beamerbasemodes.sty
Package: beamerbasemodes 2012/04/15 (rcs-revision cc6557182d97)
\beamer@tempbox=\box26
\beamer@tempcount=\count79
\c@beamerpauses=\count80

(/usr/share/texmf/tex/latex/beamer/base/beamerbasedecode.sty
Package: beamerbasedecode 2010/05/01 (rcs-revision efa082c6111d)
\beamer@slideinframe=\count81
\beamer@minimum=\count82
)
\beamer@commentbox=\box27
\beamer@modecount=\count83
)
(/usr/share/texlive/texmf-dist/tex/generic/oberdiek/ifpdf.sty
Package: ifpdf 2011/01/30 v2.3 Provides the ifpdf switch (HO)
Package ifpdf Info: pdfTeX in PDF mode is detected.
)
\headheight=\dimen102
\headdp=\dimen103
\footheight=\dimen104
\sidebarheight=\dimen105
\beamer@tempdim=\dimen106
\beamer@finalheight=\dimen107
\beamer@animht=\dimen108
\beamer@animdp=\dimen109
\beamer@animwd=\dimen110
\beamer@leftmargin=\dimen111
\beamer@rightmargin=\dimen112
\beamer@leftsidebar=\dimen113
\beamer@rightsidebar=\dimen114
\beamer@boxsize=\dimen115
\beamer@vboxoffset=\dimen116
\beamer@descdefault=\dimen117
\beamer@descriptionwidth=\dimen118
\beamer@lastskip=\skip41
\beamer@areabox=\box28
\beamer@animcurrent=\box29
\beamer@animshowbox=\box30
\beamer@sectionbox=\box31
\beamer@logobox=\box32
\beamer@linebox=\box33
\beamer@sectioncount=\count84
\beamer@subsubsectionmax=\count85
\beamer@subsectionmax=\count86
\beamer@sectionmax=\count87
\beamer@totalheads=\count88
\beamer@headcounter=\count89
\beamer@partstartpage=\count90
\beamer@sectionstartpage=\count91
\beamer@subsectionstartpage=\count92
\beamer@animationtempa=\count93
\beamer@animationtempb=\count94
\beamer@xpos=\count95
\beamer@ypos=\count96
\beamer@showpartnumber=\count97
\beamer@currentsubsection=\count98
\beamer@coveringdepth=\count99
\beamer@sectionadjust=\count100
\beamer@tocsectionnumber=\count101

(/usr/share/texmf/tex/latex/beamer/base/beamerbaseoptions.sty
Package: beamerbaseoptions 2010/04/27 (rcs-revision 982469101dd6)

(/usr/share/texlive/texmf-dist/tex/latex/graphics/keyval.sty
Package: keyval 1999/03/16 v1.13 key=value parser (DPC)
\KV@toks@=\toks14
))
\beamer@paperwidth=\skip42
\beamer@paperheight=\skip43

(/usr/share/texlive/texmf-dist/tex/latex/geometry/geometry.sty
Package: geometry 2010/09/12 v5.6 Page Geometry

(/usr/share/texlive/texmf-dist/tex/generic/oberdiek/ifvtex.sty
Package: ifvtex 2010/03/01 v1.5 Detect VTeX and its facilities (HO)
Package ifvtex Info: VTeX not detected.
)
(/usr/share/texlive/texmf-dist/tex/generic/ifxetex/ifxetex.sty
Package: ifxetex 2010/09/12 v0.6 Provides ifxetex conditional
)
\Gm@cnth=\count102
\Gm@cntv=\count103
\c@Gm@tempcnt=\count104
\Gm@bindingoffset=\dimen119
\Gm@wd@mp=\dimen120
\Gm@odd@mp=\dimen121
\Gm@even@mp=\dimen122
\Gm@layoutwidth=\dimen123
\Gm@layoutheight=\dimen124
\Gm@layouthoffset=\dimen125
\Gm@layoutvoffset=\dimen126
\Gm@dimlist=\toks15
)
(/usr/share/texlive/texmf-dist/tex/latex/base/size11.clo
File: size11.clo 2007/10/19 v1.4h Standard LaTeX file (size option)
)
(/usr/share/texmf/tex/latex/pgf/basiclayer/pgfcore.sty
(/usr/share/texlive/texmf-dist/tex/latex/graphics/graphicx.sty
Package: graphicx 1999/02/16 v1.0f Enhanced LaTeX Graphics (DPC,SPQR)

(/usr/share/texlive/texmf-dist/tex/latex/graphics/graphics.sty
Package: graphics 2009/02/05 v1.0o Standard LaTeX Graphics (DPC,SPQR)

(/usr/share/texlive/texmf-dist/tex/latex/graphics/trig.sty
Package: trig 1999/03/16 v1.09 sin cos tan (DPC)
)
(/usr/share/texlive/texmf-dist/tex/latex/latexconfig/graphics.cfg
File: graphics.cfg 2010/04/23 v1.9 graphics configuration of TeX Live
)
Package graphics Info: Driver file: pdftex.def on input line 91.

(/usr/share/texlive/texmf-dist/tex/latex/pdftex-def/pdftex.def
File: pdftex.def 2011/05/27 v0.06d Graphics/color for pdfTeX

(/usr/share/texlive/texmf-dist/tex/generic/oberdiek/infwarerr.sty
Package: infwarerr 2010/04/08 v1.3 Providing info/warning/error messages (HO)
)
(/usr/share/texlive/texmf-dist/tex/generic/oberdiek/ltxcmds.sty
Package: ltxcmds 2011/11/09 v1.22 LaTeX kernel commands for general use (HO)
)
\Gread@gobject=\count105
))
\Gin@req@height=\dimen127
\Gin@req@width=\dimen128
)
(/usr/share/texmf/tex/latex/pgf/systemlayer/pgfsys.sty
(/usr/share/texmf/tex/latex/pgf/utilities/pgfrcs.sty
(/usr/share/texmf/tex/generic/pgf/utilities/pgfutil-common.tex
\pgfutil@everybye=\toks16
)
(/usr/share/texmf/tex/generic/pgf/utilities/pgfutil-latex.def
\pgfutil@abb=\box34

(/usr/share/texlive/texmf-dist/tex/latex/ms/everyshi.sty
Package: everyshi 2001/05/15 v3.00 EveryShipout Package (MS)
))
(/usr/share/texmf/tex/generic/pgf/utilities/pgfrcs.code.tex
Package: pgfrcs 2010/10/25 v2.10 (rcs-revision 1.24)
))
(/usr/share/texmf/tex/generic/pgf/systemlayer/pgfsys.code.tex
Package: pgfsys 2010/06/30 v2.10 (rcs-revision 1.37)

(/usr/share/texmf/tex/generic/pgf/utilities/pgfkeys.code.tex
\pgfkeys@pathtoks=\toks17
\pgfkeys@temptoks=\toks18

(/usr/share/texmf/tex/generic/pgf/utilities/pgfkeysfiltered.code.tex
\pgfkeys@tmptoks=\toks19
))
\pgf@x=\dimen129
\pgf@y=\dimen130
\pgf@xa=\dimen131
\pgf@ya=\dimen132
\pgf@xb=\dimen133
\pgf@yb=\dimen134
\pgf@xc=\dimen135
\pgf@yc=\dimen136
\w@pgf@writea=\write3
\r@pgf@reada=\read1
\c@pgf@counta=\count106
\c@pgf@countb=\count107
\c@pgf@countc=\count108
\c@pgf@countd=\count109

(/usr/share/texmf/tex/generic/pgf/systemlayer/pgf.cfg
File: pgf.cfg 2008/05/14  (rcs-revision 1.7)
)
Package pgfsys Info: Driver file for pgf: pgfsys-pdftex.def on input line 900.

(/usr/share/texmf/tex/generic/pgf/systemlayer/pgfsys-pdftex.def
File: pgfsys-pdftex.def 2009/05/22  (rcs-revision 1.26)

(/usr/share/texmf/tex/generic/pgf/systemlayer/pgfsys-common-pdf.def
File: pgfsys-common-pdf.def 2008/05/19  (rcs-revision 1.10)
)))
(/usr/share/texmf/tex/generic/pgf/systemlayer/pgfsyssoftpath.code.tex
File: pgfsyssoftpath.code.tex 2008/07/18  (rcs-revision 1.7)
\pgfsyssoftpath@smallbuffer@items=\count110
\pgfsyssoftpath@bigbuffer@items=\count111
)
(/usr/share/texmf/tex/generic/pgf/systemlayer/pgfsysprotocol.code.tex
File: pgfsysprotocol.code.tex 2006/10/16  (rcs-revision 1.4)
))
(/usr/share/texmf/tex/latex/xcolor/xcolor.sty
Package: xcolor 2007/01/21 v2.11 LaTeX color extensions (UK)

(/usr/share/texlive/texmf-dist/tex/latex/latexconfig/color.cfg
File: color.cfg 2007/01/18 v1.5 color configuration of teTeX/TeXLive
)
Package xcolor Info: Driver file: pdftex.def on input line 225.
Package xcolor Info: Model `cmy' substituted by `cmy0' on input line 1337.
Package xcolor Info: Model `hsb' substituted by `rgb' on input line 1341.
Package xcolor Info: Model `RGB' extended on input line 1353.
Package xcolor Info: Model `HTML' substituted by `rgb' on input line 1355.
Package xcolor Info: Model `Hsb' substituted by `hsb' on input line 1356.
Package xcolor Info: Model `tHsb' substituted by `hsb' on input line 1357.
Package xcolor Info: Model `HSB' substituted by `hsb' on input line 1358.
Package xcolor Info: Model `Gray' substituted by `gray' on input line 1359.
Package xcolor Info: Model `wave' substituted by `hsb' on input line 1360.
)
(/usr/share/texmf/tex/generic/pgf/basiclayer/pgfcore.code.tex
Package: pgfcore 2010/04/11 v2.10 (rcs-revision 1.7)

(/usr/share/texmf/tex/generic/pgf/math/pgfmath.code.tex
(/usr/share/texmf/tex/generic/pgf/math/pgfmathcalc.code.tex
(/usr/share/texmf/tex/generic/pgf/math/pgfmathutil.code.tex)
(/usr/share/texmf/tex/generic/pgf/math/pgfmathparser.code.tex
\pgfmath@dimen=\dimen137
\pgfmath@count=\count112
\pgfmath@box=\box35
\pgfmath@toks=\toks20
\pgfmath@stack@operand=\toks21
\pgfmath@stack@operation=\toks22
)
(/usr/share/texmf/tex/generic/pgf/math/pgfmathfunctions.code.tex
(/usr/share/texmf/tex/generic/pgf/math/pgfmathfunctions.basic.code.tex)
(/usr/share/texmf/tex/generic/pgf/math/pgfmathfunctions.trigonometric.code.tex)
(/usr/share/texmf/tex/generic/pgf/math/pgfmathfunctions.random.code.tex)
(/usr/share/texmf/tex/generic/pgf/math/pgfmathfunctions.comparison.code.tex)
(/usr/share/texmf/tex/generic/pgf/math/pgfmathfunctions.base.code.tex)
(/usr/share/texmf/tex/generic/pgf/math/pgfmathfunctions.round.code.tex)
(/usr/share/texmf/tex/generic/pgf/math/pgfmathfunctions.misc.code.tex)))
(/usr/share/texmf/tex/generic/pgf/math/pgfmathfloat.code.tex
\c@pgfmathroundto@lastzeros=\count113
))
(/usr/share/texmf/tex/generic/pgf/basiclayer/pgfcorepoints.code.tex
File: pgfcorepoints.code.tex 2010/04/09  (rcs-revision 1.20)
\pgf@picminx=\dimen138
\pgf@picmaxx=\dimen139
\pgf@picminy=\dimen140
\pgf@picmaxy=\dimen141
\pgf@pathminx=\dimen142
\pgf@pathmaxx=\dimen143
\pgf@pathminy=\dimen144
\pgf@pathmaxy=\dimen145
\pgf@xx=\dimen146
\pgf@xy=\dimen147
\pgf@yx=\dimen148
\pgf@yy=\dimen149
\pgf@zx=\dimen150
\pgf@zy=\dimen151
)
(/usr/share/texmf/tex/generic/pgf/basiclayer/pgfcorepathconstruct.code.tex
File: pgfcorepathconstruct.code.tex 2010/08/03  (rcs-revision 1.24)
\pgf@path@lastx=\dimen152
\pgf@path@lasty=\dimen153
)
(/usr/share/texmf/tex/generic/pgf/basiclayer/pgfcorepathusage.code.tex
File: pgfcorepathusage.code.tex 2008/04/22  (rcs-revision 1.12)
\pgf@shorten@end@additional=\dimen154
\pgf@shorten@start@additional=\dimen155
)
(/usr/share/texmf/tex/generic/pgf/basiclayer/pgfcorescopes.code.tex
File: pgfcorescopes.code.tex 2010/09/08  (rcs-revision 1.34)
\pgfpic=\box36
\pgf@hbox=\box37
\pgf@layerbox@main=\box38
\pgf@picture@serial@count=\count114
)
(/usr/share/texmf/tex/generic/pgf/basiclayer/pgfcoregraphicstate.code.tex
File: pgfcoregraphicstate.code.tex 2008/04/22  (rcs-revision 1.9)
\pgflinewidth=\dimen156
)
(/usr/share/texmf/tex/generic/pgf/basiclayer/pgfcoretransformations.code.tex
File: pgfcoretransformations.code.tex 2009/06/10  (rcs-revision 1.11)
\pgf@pt@x=\dimen157
\pgf@pt@y=\dimen158
\pgf@pt@temp=\dimen159
)
(/usr/share/texmf/tex/generic/pgf/basiclayer/pgfcorequick.code.tex
File: pgfcorequick.code.tex 2008/10/09  (rcs-revision 1.3)
)
(/usr/share/texmf/tex/generic/pgf/basiclayer/pgfcoreobjects.code.tex
File: pgfcoreobjects.code.tex 2006/10/11  (rcs-revision 1.2)
)
(/usr/share/texmf/tex/generic/pgf/basiclayer/pgfcorepathprocessing.code.tex
File: pgfcorepathprocessing.code.tex 2008/10/09  (rcs-revision 1.8)
)
(/usr/share/texmf/tex/generic/pgf/basiclayer/pgfcorearrows.code.tex
File: pgfcorearrows.code.tex 2008/04/23  (rcs-revision 1.11)
)
(/usr/share/texmf/tex/generic/pgf/basiclayer/pgfcoreshade.code.tex
File: pgfcoreshade.code.tex 2008/11/23  (rcs-revision 1.13)
\pgf@max=\dimen160
\pgf@sys@shading@range@num=\count115
)
(/usr/share/texmf/tex/generic/pgf/basiclayer/pgfcoreimage.code.tex
File: pgfcoreimage.code.tex 2010/03/25  (rcs-revision 1.16)

(/usr/share/texmf/tex/generic/pgf/basiclayer/pgfcoreexternal.code.tex
File: pgfcoreexternal.code.tex 2010/09/01  (rcs-revision 1.17)
\pgfexternal@startupbox=\box39
))
(/usr/share/texmf/tex/generic/pgf/basiclayer/pgfcorelayers.code.tex
File: pgfcorelayers.code.tex 2010/08/27  (rcs-revision 1.2)
)
(/usr/share/texmf/tex/generic/pgf/basiclayer/pgfcoretransparency.code.tex
File: pgfcoretransparency.code.tex 2008/01/17  (rcs-revision 1.2)
)
(/usr/share/texmf/tex/generic/pgf/basiclayer/pgfcorepatterns.code.tex
File: pgfcorepatterns.code.tex 2009/07/02  (rcs-revision 1.3)
)))
(/usr/share/texmf/tex/latex/pgf/utilities/xxcolor.sty
Package: xxcolor 2003/10/24 ver 0.1
\XC@nummixins=\count116
\XC@countmixins=\count117
)
(/usr/share/texlive/texmf-dist/tex/latex/hyperref/hyperref.sty
Package: hyperref 2012/11/06 v6.83m Hypertext links for LaTeX

(/usr/share/texlive/texmf-dist/tex/generic/oberdiek/hobsub-hyperref.sty
Package: hobsub-hyperref 2012/05/28 v1.13 Bundle oberdiek, subset hyperref (HO)


(/usr/share/texlive/texmf-dist/tex/generic/oberdiek/hobsub-generic.sty
Package: hobsub-generic 2012/05/28 v1.13 Bundle oberdiek, subset generic (HO)
Package: hobsub 2012/05/28 v1.13 Construct package bundles (HO)
Package hobsub Info: Skipping package `infwarerr' (already loaded).
Package hobsub Info: Skipping package `ltxcmds' (already loaded).
Package: ifluatex 2010/03/01 v1.3 Provides the ifluatex switch (HO)
Package ifluatex Info: LuaTeX not detected.
Package hobsub Info: Skipping package `ifvtex' (already loaded).
Package: intcalc 2007/09/27 v1.1 Expandable calculations with integers (HO)
Package hobsub Info: Skipping package `ifpdf' (already loaded).
Package: etexcmds 2011/02/16 v1.5 Avoid name clashes with e-TeX commands (HO)
Package etexcmds Info: Could not find \expanded.
(etexcmds)             That can mean that you are not using pdfTeX 1.50 or
(etexcmds)             that some package has redefined \expanded.
(etexcmds)             In the latter case, load this package earlier.
Package: kvsetkeys 2012/04/25 v1.16 Key value parser (HO)
Package: kvdefinekeys 2011/04/07 v1.3 Define keys (HO)
Package: pdftexcmds 2011/11/29 v0.20 Utility functions of pdfTeX for LuaTeX (HO
)
Package pdftexcmds Info: LuaTeX not detected.
Package pdftexcmds Info: \pdf@primitive is available.
Package pdftexcmds Info: \pdf@ifprimitive is available.
Package pdftexcmds Info: \pdfdraftmode found.
Package: pdfescape 2011/11/25 v1.13 Implements pdfTeX's escape features (HO)
Package: bigintcalc 2012/04/08 v1.3 Expandable calculations on big integers (HO
)
Package: bitset 2011/01/30 v1.1 Handle bit-vector datatype (HO)
Package: uniquecounter 2011/01/30 v1.2 Provide unlimited unique counter (HO)
)
Package hobsub Info: Skipping package `hobsub' (already loaded).
Package: letltxmacro 2010/09/02 v1.4 Let assignment for LaTeX macros (HO)
Package: hopatch 2012/05/28 v1.2 Wrapper for package hooks (HO)
Package: xcolor-patch 2011/01/30 xcolor patch
Package: atveryend 2011/06/30 v1.8 Hooks at the very end of document (HO)
Package atveryend Info: \enddocument detected (standard20110627).
Package: atbegshi 2011/10/05 v1.16 At begin shipout hook (HO)
Package: refcount 2011/10/16 v3.4 Data extraction from label references (HO)
Package: hycolor 2011/01/30 v1.7 Color options for hyperref/bookmark (HO)
)
(/usr/share/texlive/texmf-dist/tex/latex/oberdiek/auxhook.sty
Package: auxhook 2011/03/04 v1.3 Hooks for auxiliary files (HO)
)
(/usr/share/texlive/texmf-dist/tex/latex/oberdiek/kvoptions.sty
Package: kvoptions 2011/06/30 v3.11 Key value format for package options (HO)
)
\@linkdim=\dimen161
\Hy@linkcounter=\count118
\Hy@pagecounter=\count119

(/usr/share/texlive/texmf-dist/tex/latex/hyperref/pd1enc.def
File: pd1enc.def 2012/11/06 v6.83m Hyperref: PDFDocEncoding definition (HO)
)
\Hy@SavedSpaceFactor=\count120

(/usr/share/texlive/texmf-dist/tex/latex/latexconfig/hyperref.cfg
File: hyperref.cfg 2002/06/06 v1.2 hyperref configuration of TeXLive
)
Package hyperref Info: Option `bookmarks' set `true' on input line 4319.
Package hyperref Info: Option `bookmarksopen' set `true' on input line 4319.
Package hyperref Info: Option `implicit' set `false' on input line 4319.
Package hyperref Info: Hyper figures OFF on input line 4443.
Package hyperref Info: Link nesting OFF on input line 4448.
Package hyperref Info: Hyper index ON on input line 4451.
Package hyperref Info: Plain pages OFF on input line 4458.
Package hyperref Info: Backreferencing OFF on input line 4463.
Package hyperref Info: Implicit mode OFF; no redefinition of LaTeX internals.
Package hyperref Info: Bookmarks ON on input line 4688.
\c@Hy@tempcnt=\count121

(/usr/share/texlive/texmf-dist/tex/latex/url/url.sty
\Urlmuskip=\muskip10
Package: url 2013/09/16  ver 3.4  Verb mode for urls, etc.
)
LaTeX Info: Redefining \url on input line 5041.
\XeTeXLinkMargin=\dimen162
\Fld@menulength=\count122
\Field@Width=\dimen163
\Fld@charsize=\dimen164
Package hyperref Info: Hyper figures OFF on input line 6295.
Package hyperref Info: Link nesting OFF on input line 6300.
Package hyperref Info: Hyper index ON on input line 6303.
Package hyperref Info: backreferencing OFF on input line 6310.
Package hyperref Info: Link coloring OFF on input line 6315.
Package hyperref Info: Link coloring with OCG OFF on input line 6320.
Package hyperref Info: PDF/A mode OFF on input line 6325.
LaTeX Info: Redefining \ref on input line 6365.
LaTeX Info: Redefining \pageref on input line 6369.
\Hy@abspage=\count123


Package hyperref Message: Stopped early.

)

Package hyperref Message: Driver (autodetected): hpdftex.

(/usr/share/texlive/texmf-dist/tex/latex/hyperref/hpdftex.def
File: hpdftex.def 2012/11/06 v6.83m Hyperref driver for pdfTeX
\Fld@listcount=\count124
\c@bookmark@seq@number=\count125

(/usr/share/texlive/texmf-dist/tex/latex/oberdiek/rerunfilecheck.sty
Package: rerunfilecheck 2011/04/15 v1.7 Rerun checks for auxiliary files (HO)
Package uniquecounter Info: New unique counter `rerunfilecheck' on input line 2
82.
))
(/usr/share/texmf/tex/latex/beamer/base/beamerbaserequires.sty
Package: beamerbaserequires 2010/05/01  (rcs-revision efa082c6111d)

(/usr/share/texmf/tex/latex/beamer/base/beamerbasecompatibility.sty
Package: beamerbasecompatibility 2012/05/01  (rcs-revision 67c48b3b652d)
)
(/usr/share/texmf/tex/latex/beamer/base/beamerbasefont.sty
Package: beamerbasefont 2012/09/19  (rcs-revision 733629cd0c6c)

(/usr/share/texlive/texmf-dist/tex/latex/amsfonts/amssymb.sty
Package: amssymb 2013/01/14 v3.01 AMS font symbols

(/usr/share/texlive/texmf-dist/tex/latex/amsfonts/amsfonts.sty
Package: amsfonts 2013/01/14 v3.01 Basic AMSFonts support
\@emptytoks=\toks23
\symAMSa=\mathgroup4
\symAMSb=\mathgroup5
LaTeX Font Info:    Overwriting math alphabet `\mathfrak' in version `bold'
(Font)                  U/euf/m/n --> U/euf/b/n on input line 106.
)))
(/usr/share/texmf/tex/latex/beamer/base/beamerbasetranslator.sty
Package: beamerbasetranslator 2010/06/11  (rcs-revision 85fd1cc7fc42)

(/usr/share/texmf/tex/latex/beamer/base/translator/translator.sty
Package: translator 2010/06/12 ver 1.10

(/usr/share/texmf/tex/latex/beamer/base/translator/translator-language-mappings
.tex))) (/usr/share/texmf/tex/latex/beamer/base/beamerbasemisc.sty
Package: beamerbasemisc 2012/02/24  (rcs-revision 2ff5461be705)
)
(/usr/share/texmf/tex/latex/beamer/base/beamerbasetwoscreens.sty
Package: beamerbasetwoscreens 2010/05/01  (rcs-revision efa082c6111d)
)
(/usr/share/texmf/tex/latex/beamer/base/beamerbaseoverlay.sty
Package: beamerbaseoverlay 2012/11/11  (rcs-revision 6afbc49b1109)
\beamer@argscount=\count126
\beamer@lastskipcover=\skip44
\beamer@trivlistdepth=\count127
)
(/usr/share/texmf/tex/latex/beamer/base/beamerbasetitle.sty
Package: beamerbasetitle 2010/09/21  (rcs-revision f0446ed0b6ae)
)
(/usr/share/texmf/tex/latex/beamer/base/beamerbasesection.sty
Package: beamerbasesection 2012/11/11  (rcs-revision 0056eef6f17f)
\c@lecture=\count128
\c@part=\count129
\c@section=\count130
\c@subsection=\count131
\c@subsubsection=\count132
)
(/usr/share/texmf/tex/latex/beamer/base/beamerbaseframe.sty
Package: beamerbaseframe 2012/09/13  (rcs-revision dcd846607320)
\beamer@framebox=\box40
\beamer@frametitlebox=\box41
\beamer@zoombox=\box42
\beamer@zoomcount=\count133
\beamer@zoomframecount=\count134
\beamer@frametextheight=\dimen165
\c@subsectionslide=\count135
\beamer@frametopskip=\skip45
\beamer@framebottomskip=\skip46
\beamer@frametopskipautobreak=\skip47
\beamer@framebottomskipautobreak=\skip48
\beamer@envbody=\toks24
\framewidth=\dimen166
\c@framenumber=\count136
)
(/usr/share/texmf/tex/latex/beamer/base/beamerbaseverbatim.sty
Package: beamerbaseverbatim 2012/08/30  (rcs-revision dfdb135076b3)
\beamer@verbatimfileout=\write4
)
(/usr/share/texmf/tex/latex/beamer/base/beamerbaseframesize.sty
Package: beamerbaseframesize 2011/09/12  (rcs-revision 70f9d8411e54)
\beamer@splitbox=\box43
\beamer@autobreakcount=\count137
\beamer@autobreaklastheight=\dimen167
\beamer@frametitletoks=\toks25
\beamer@framesubtitletoks=\toks26
)
(/usr/share/texmf/tex/latex/beamer/base/beamerbaseframecomponents.sty
Package: beamerbaseframecomponents 2012/09/13  (rcs-revision dcd846607320)
\beamer@footins=\box44
)
(/usr/share/texmf/tex/latex/beamer/base/beamerbasecolor.sty
Package: beamerbasecolor 2010/06/06  (rcs-revision d1a9b48be06d)
)
(/usr/share/texmf/tex/latex/beamer/base/beamerbasenotes.sty
Package: beamerbasenotes 2010/05/01  (rcs-revision efa082c6111d)
\beamer@frameboxcopy=\box45
)
(/usr/share/texmf/tex/latex/beamer/base/beamerbasetoc.sty
Package: beamerbasetoc 2012/10/02  (rcs-revision 5ed0f4010e8a)
)
(/usr/share/texmf/tex/latex/beamer/base/beamerbasetemplates.sty
Package: beamerbasetemplates 2010/05/01  (rcs-revision efa082c6111d)
\beamer@sbttoks=\toks27

(/usr/share/texmf/tex/latex/beamer/base/beamerbaseauxtemplates.sty
Package: beamerbaseauxtemplates 2012/05/01  (rcs-revision 67c48b3b652d)

(/usr/share/texmf/tex/latex/beamer/base/beamerbaseboxes.sty
Package: beamerbaseboxes 2012/05/13  (rcs-revision 56972908a390)
\bmb@box=\box46
\bmb@colorbox=\box47
\bmb@boxshadow=\box48
\bmb@boxshadowball=\box49
\bmb@boxshadowballlarge=\box50
\bmb@temp=\dimen168
\bmb@dima=\dimen169
\bmb@dimb=\dimen170
\bmb@prevheight=\dimen171
)
\beamer@blockheadheight=\dimen172
))
(/usr/share/texmf/tex/latex/beamer/base/beamerbaselocalstructure.sty
Package: beamerbaselocalstructure 2012/11/13  (rcs-revision ddfba79dac19)

(/usr/share/texlive/texmf-dist/tex/latex/tools/enumerate.sty
Package: enumerate 1999/03/05 v3.00 enumerate extensions (DPC)
\@enLab=\toks28
)
\c@figure=\count138
\c@table=\count139
\abovecaptionskip=\skip49
\belowcaptionskip=\skip50
)
(/usr/share/texmf/tex/latex/beamer/base/beamerbasenavigation.sty
Package: beamerbasenavigation 2012/04/03  (rcs-revision 42a0f21a412d)
\beamer@section@min@dim=\dimen173
)
(/usr/share/texmf/tex/latex/beamer/base/beamerbasetheorems.sty
Package: beamerbasetheorems 2010/06/06  (rcs-revision 7e7cc5e53e9d)

(/usr/share/texlive/texmf-dist/tex/latex/amsmath/amsmath.sty
Package: amsmath 2013/01/14 v2.14 AMS math features
\@mathmargin=\skip51

For additional information on amsmath, use the `?' option.
(/usr/share/texlive/texmf-dist/tex/latex/amsmath/amstext.sty
Package: amstext 2000/06/29 v2.01

(/usr/share/texlive/texmf-dist/tex/latex/amsmath/amsgen.sty
File: amsgen.sty 1999/11/30 v2.0
\@emptytoks=\toks29
\ex@=\dimen174
))
(/usr/share/texlive/texmf-dist/tex/latex/amsmath/amsbsy.sty
Package: amsbsy 1999/11/29 v1.2d
\pmbraise@=\dimen175
)
(/usr/share/texlive/texmf-dist/tex/latex/amsmath/amsopn.sty
Package: amsopn 1999/12/14 v2.01 operator names
)
\inf@bad=\count140
LaTeX Info: Redefining \frac on input line 210.
\uproot@=\count141
\leftroot@=\count142
LaTeX Info: Redefining \overline on input line 306.
\classnum@=\count143
\DOTSCASE@=\count144
LaTeX Info: Redefining \ldots on input line 378.
LaTeX Info: Redefining \dots on input line 381.
LaTeX Info: Redefining \cdots on input line 466.
\Mathstrutbox@=\box51
\strutbox@=\box52
\big@size=\dimen176
LaTeX Font Info:    Redeclaring font encoding OML on input line 566.
LaTeX Font Info:    Redeclaring font encoding OMS on input line 567.
\macc@depth=\count145
\c@MaxMatrixCols=\count146
\dotsspace@=\muskip11
\c@parentequation=\count147
\dspbrk@lvl=\count148
\tag@help=\toks30
\row@=\count149
\column@=\count150
\maxfields@=\count151
\andhelp@=\toks31
\eqnshift@=\dimen177
\alignsep@=\dimen178
\tagshift@=\dimen179
\tagwidth@=\dimen180
\totwidth@=\dimen181
\lineht@=\dimen182
\@envbody=\toks32
\multlinegap=\skip52
\multlinetaggap=\skip53
\mathdisplay@stack=\toks33
LaTeX Info: Redefining \[ on input line 2665.
LaTeX Info: Redefining \] on input line 2666.
)
(/usr/share/texlive/texmf-dist/tex/latex/amscls/amsthm.sty
Package: amsthm 2004/08/06 v2.20
\thm@style=\toks34
\thm@bodyfont=\toks35
\thm@headfont=\toks36
\thm@notefont=\toks37
\thm@headpunct=\toks38
\thm@preskip=\skip54
\thm@postskip=\skip55
\thm@headsep=\skip56
\dth@everypar=\toks39
)
\c@theorem=\count152
)
(/usr/share/texmf/tex/latex/beamer/base/beamerbasethemes.sty
Package: beamerbasethemes 2010/05/01  (rcs-revision efa082c6111d)
))
(/usr/share/texmf/tex/latex/beamer/base/themes/theme/beamerthemedefault.sty
Package: beamerthemedefault 2010/06/17  (rcs-revision d02a7cf4d8ae)

(/usr/share/texmf/tex/latex/beamer/base/themes/font/beamerfontthemedefault.sty
Package: beamerfontthemedefault 2010/06/17  (rcs-revision d02a7cf4d8ae)
)
(/usr/share/texmf/tex/latex/beamer/base/themes/color/beamercolorthemedefault.st
y
Package: beamercolorthemedefault 2010/06/17  (rcs-revision d02a7cf4d8ae)
)
(/usr/share/texmf/tex/latex/beamer/base/themes/inner/beamerinnerthemedefault.st
y
Package: beamerinnerthemedefault 2012/05/01  (rcs-revision 67c48b3b652d)
\beamer@dima=\dimen183
\beamer@dimb=\dimen184
)
(/usr/share/texmf/tex/latex/beamer/base/themes/outer/beamerouterthemedefault.st
y
Package: beamerouterthemedefault 2012/10/02  (rcs-revision 5ed0f4010e8a)
))) (/usr/share/texlive/texmf-dist/tex/latex/base/inputenc.sty
Package: inputenc 2008/03/30 v1.1d Input encoding file
\inpenc@prehook=\toks40
\inpenc@posthook=\toks41

(/usr/share/texlive/texmf-dist/tex/latex/base/latin1.def
File: latin1.def 2008/03/30 v1.1d Input encoding file
))
(/usr/share/texmf/tex/latex/beamer/base/multimedia/multimedia.sty
Package: multimedia 2012/05/02 ver 0.02
\mm@movie=\count153
)
(/usr/share/texlive/texmf-dist/tex/latex/caption/caption.sty
Package: caption 2013/05/02 v3.3-89 Customizing captions (AR)

(/usr/share/texlive/texmf-dist/tex/latex/caption/caption3.sty
Package: caption3 2013/05/02 v1.6-88 caption3 kernel (AR)
Package caption3 Info: TeX engine: e-TeX on input line 57.
\captionmargin=\dimen185
\captionmargin@=\dimen186
\captionwidth=\dimen187
\caption@tempdima=\dimen188
\caption@indent=\dimen189
\caption@parindent=\dimen190
\caption@hangindent=\dimen191
)
\c@ContinuedFloat=\count154
Package caption Info: beamer document class.
Package caption Info: hyperref package is loaded.
Package caption Info: Hyperref support is turned off
(caption)             because hyperref has stopped early.
)
(/usr/share/texmf/tex/latex/beamer/base/themes/font/beamerfontthemeserif.sty
Package: beamerfontthemeserif 2010/06/17  (rcs-revision d02a7cf4d8ae)
)

Package hyperref Warning: Token not allowed in a PDF string (PDFDocEncoding):
(hyperref)                removing `\\' on input line 16.


Package hyperref Warning: Token not allowed in a PDF string (PDFDocEncoding):
(hyperref)                removing `math shift' on input line 19.


Package hyperref Warning: Token not allowed in a PDF string (PDFDocEncoding):
(hyperref)                removing `\alpha' on input line 19.


Package hyperref Warning: Token not allowed in a PDF string (PDFDocEncoding):
(hyperref)                removing `math shift' on input line 19.

(./main.aux)
\openout1 = `main.aux'.

LaTeX Font Info:    Checking defaults for OML/cmm/m/it on input line 19.
LaTeX Font Info:    ... okay on input line 19.
LaTeX Font Info:    Checking defaults for T1/cmr/m/n on input line 19.
LaTeX Font Info:    ... okay on input line 19.
LaTeX Font Info:    Checking defaults for OT1/cmr/m/n on input line 19.
LaTeX Font Info:    ... okay on input line 19.
LaTeX Font Info:    Checking defaults for OMS/cmsy/m/n on input line 19.
LaTeX Font Info:    ... okay on input line 19.
LaTeX Font Info:    Checking defaults for OMX/cmex/m/n on input line 19.
LaTeX Font Info:    ... okay on input line 19.
LaTeX Font Info:    Checking defaults for U/cmr/m/n on input line 19.
LaTeX Font Info:    ... okay on input line 19.
LaTeX Font Info:    Checking defaults for PD1/pdf/m/n on input line 19.
LaTeX Font Info:    ... okay on input line 19.

*geometry* driver: auto-detecting
*geometry* detected driver: pdftex
*geometry* verbose mode - [ preamble ] result:
* driver: pdftex
* paper: custom
* layout: <same size as paper>
* layoutoffset:(h,v)=(0.0pt,0.0pt)
* modes: includehead includefoot 
* h-part:(L,W,R)=(28.45274pt, 307.28987pt, 28.45274pt)
* v-part:(T,H,B)=(0.0pt, 273.14662pt, 0.0pt)
* \paperwidth=364.19536pt
* \paperheight=273.14662pt
* \textwidth=307.28987pt
* \textheight=244.6939pt
* \oddsidemargin=-43.81725pt
* \evensidemargin=-43.81725pt
* \topmargin=-72.26999pt
* \headheight=14.22636pt
* \headsep=0.0pt
* \topskip=11.0pt
* \footskip=14.22636pt
* \marginparwidth=4.0pt
* \marginparsep=10.0pt
* \columnsep=10.0pt
* \skip\footins=10.0pt plus 4.0pt minus 2.0pt
* \hoffset=0.0pt
* \voffset=0.0pt
* \mag=1000
* \@twocolumnfalse
* \@twosidefalse
* \@mparswitchfalse
* \@reversemarginfalse
* (1in=72.27pt=25.4mm, 1cm=28.453pt)

(/usr/share/texlive/texmf-dist/tex/context/base/supp-pdf.mkii
[Loading MPS to PDF converter (version 2006.09.02).]
\scratchcounter=\count155
\scratchdimen=\dimen192
\scratchbox=\box53
\nofMPsegments=\count156
\nofMParguments=\count157
\everyMPshowfont=\toks42
\MPscratchCnt=\count158
\MPscratchDim=\dimen193
\MPnumerator=\count159
\makeMPintoPDFobject=\count160
\everyMPtoPDFconversion=\toks43
) (/usr/share/texlive/texmf-dist/tex/latex/oberdiek/epstopdf-base.sty
Package: epstopdf-base 2010/02/09 v2.5 Base part for package epstopdf

(/usr/share/texlive/texmf-dist/tex/latex/oberdiek/grfext.sty
Package: grfext 2010/08/19 v1.1 Manage graphics extensions (HO)
)
Package grfext Info: Graphics extension search list:
(grfext)             [.png,.pdf,.jpg,.mps,.jpeg,.jbig2,.jb2,.PNG,.PDF,.JPG,.JPE
G,.JBIG2,.JB2,.eps]
(grfext)             \AppendGraphicsExtensions on input line 452.

(/usr/share/texlive/texmf-dist/tex/latex/latexconfig/epstopdf-sys.cfg
File: epstopdf-sys.cfg 2010/07/13 v1.3 Configuration of (r)epstopdf for TeX Liv
e
))
ABD: EveryShipout initializing macros
\AtBeginShipoutBox=\box54
Package hyperref Info: Link coloring OFF on input line 19.

(/usr/share/texlive/texmf-dist/tex/latex/hyperref/nameref.sty
Package: nameref 2012/10/27 v2.43 Cross-referencing by name of section

(/usr/share/texlive/texmf-dist/tex/generic/oberdiek/gettitlestring.sty
Package: gettitlestring 2010/12/03 v1.4 Cleanup title references (HO)
)
\c@section@level=\count161
)
LaTeX Info: Redefining \ref on input line 19.
LaTeX Info: Redefining \pageref on input line 19.
LaTeX Info: Redefining \nameref on input line 19.

(./main.out) (./main.out)
\@outlinefile=\write5
\openout5 = `main.out'.


(/usr/share/texmf/tex/latex/beamer/base/translator/dicts/translator-basic-dicti
onary/translator-basic-dictionary-English.dict
Dictionary: translator-basic-dictionary, Language: English 
)
(/usr/share/texmf/tex/latex/beamer/base/translator/dicts/translator-bibliograph
y-dictionary/translator-bibliography-dictionary-English.dict
Dictionary: translator-bibliography-dictionary, Language: English 
)
(/usr/share/texmf/tex/latex/beamer/base/translator/dicts/translator-environment
-dictionary/translator-environment-dictionary-English.dict
Dictionary: translator-environment-dictionary, Language: English 
)
(/usr/share/texmf/tex/latex/beamer/base/translator/dicts/translator-months-dict
ionary/translator-months-dictionary-English.dict
Dictionary: translator-months-dictionary, Language: English 
)
(/usr/share/texmf/tex/latex/beamer/base/translator/dicts/translator-numbers-dic
tionary/translator-numbers-dictionary-English.dict
Dictionary: translator-numbers-dictionary, Language: English 
)
(/usr/share/texmf/tex/latex/beamer/base/translator/dicts/translator-theorem-dic
tionary/translator-theorem-dictionary-English.dict
Dictionary: translator-theorem-dictionary, Language: English 
)
LaTeX Info: Redefining \includegraphics on input line 19.
Package caption Info: Begin \AtBeginDocument code.
Package caption Info: End \AtBeginDocument code.
 (./main.nav)
LaTeX Font Info:    Try loading font information for U+msa on input line 30.

(/usr/share/texlive/texmf-dist/tex/latex/amsfonts/umsa.fd
File: umsa.fd 2013/01/14 v3.01 AMS symbols A
)
LaTeX Font Info:    Try loading font information for U+msb on input line 30.

(/usr/share/texlive/texmf-dist/tex/latex/amsfonts/umsb.fd
File: umsb.fd 2013/01/14 v3.01 AMS symbols B
)

Package hyperref Warning: Option `pdfauthor' has already been used,
(hyperref)                setting the option has no effect on input line 30.

<Figures/logo.jpeg, id=14, 120.45pt x 125.268pt>
File: Figures/logo.jpeg Graphic file (type jpg)
 <use Figures/logo.jpeg>
Package pdftex.def Info: Figures/logo.jpeg used on input line 30.
(pdftex.def)             Requested size: 42.15813pt x 43.84445pt.


LaTeX Font Warning: Font shape `OT1/cmr/m/n' in size <4> not available
(Font)              size <5> substituted on input line 30.

[1

{/var/lib/texmf/fonts/map/pdftex/updmap/pdftex.map} <./Figures/logo.jpeg>]
<Figures/emission.jpg, id=47, 803.0pt x 490.83376pt>
File: Figures/emission.jpg Graphic file (type jpg)

<use Figures/emission.jpg>
Package pdftex.def Info: Figures/emission.jpg used on input line 37.
(pdftex.def)             Requested size: 281.05421pt x 171.79439pt.


LaTeX Warning: Command \r invalid in math mode on input line 37.


LaTeX Warning: Command \r invalid in math mode on input line 37.

[2

 <./Figures/emission.jpg>]
<Figures/astronomy_table.jpg, id=74, 628.3475pt x 427.5975pt>
File: Figures/astronomy_table.jpg Graphic file (type jpg)

<use Figures/astronomy_table.jpg>
Package pdftex.def Info: Figures/astronomy_table.jpg used on input line 44.
(pdftex.def)             Requested size: 188.50569pt x 128.28023pt.
 [3

 <./Figures/astronomy_table.jpg>]
<Figures/Hydrogen_transitions.png, id=100, 602.25pt x 451.6875pt>
File: Figures/Hydrogen_transitions.png Graphic file (type png)

<use Figures/Hydrogen_transitions.png>
Package pdftex.def Info: Figures/Hydrogen_transitions.png used on input line 53
.
(pdftex.def)             Requested size: 240.89572pt x 180.67178pt.
 [4

 <./Figures/Hydrogen_transitions.png>] <Figures/em.jpg, id=128, 1839.87375pt x 
882.29625pt>
File: Figures/em.jpg Graphic file (type jpg)
 <use Figures/em.jpg>
Package pdftex.def Info: Figures/em.jpg used on input line 60.
(pdftex.def)             Requested size: 331.16298pt x 158.80647pt.

Overfull \hbox (23.87311pt too wide) in paragraph at lines 60--60
 [] 
 []

[5

 <./Figures/em.jpg>]
<Figures/AtmosphericEM.jpg, id=155, 397.485pt x 252.7041pt>
File: Figures/AtmosphericEM.jpg Graphic file (type jpg)

<use Figures/AtmosphericEM.jpg>
Package pdftex.def Info: Figures/AtmosphericEM.jpg used on input line 68.
(pdftex.def)             Requested size: 317.98842pt x 202.16354pt.

Overfull \hbox (10.69855pt too wide) in paragraph at lines 68--68
 [] 
 []


Overfull \vbox (8.8904pt too high) detected at line 68
 []

[6

 <./Figures/AtmosphericEM.jpg>]
<Figures/expansion.jpg, id=181, 1003.75pt x 501.875pt>
File: Figures/expansion.jpg Graphic file (type jpg)

<use Figures/expansion.jpg>
Package pdftex.def Info: Figures/expansion.jpg used on input line 80.
(pdftex.def)             Requested size: 301.12732pt x 150.56366pt.
 [7

 <./Figures/expansion.jpg>] [8

]
<Figures/stars.jpg, id=234, 903.375pt x 966.61125pt>
File: Figures/stars.jpg Graphic file (type jpg)
 <use Figures/stars.jpg>
Package pdftex.def Info: Figures/stars.jpg used on input line 95.
(pdftex.def)             Requested size: 180.6718pt x 193.31882pt.

[9

 <./Figures/stars.jpg>] <Figures/quasar.jpg, id=262, 536.0025pt x 481.8pt>
File: Figures/quasar.jpg Graphic file (type jpg)

<use Figures/quasar.jpg>
Package pdftex.def Info: Figures/quasar.jpg used on input line 103.
(pdftex.def)             Requested size: 214.3972pt x 192.71658pt.
 [10

 <./Figures/quasar.jpg>]
<Figures/PP.png, id=289, 774.895pt x 401.5pt>
File: Figures/PP.png Graphic file (type png)
 <use Figures/PP.png>
Package pdftex.def Info: Figures/PP.png used on input line 109.
(pdftex.def)             Requested size: 309.95251pt x 160.59715pt.

Overfull \hbox (2.66264pt too wide) in paragraph at lines 109--109
 [] 
 []

[11

 <./Figures/PP.png>] [12

]
<Figures/DJT.png, id=340, 761.84625pt x 370.38374pt>
File: Figures/DJT.png Graphic file (type png)
 <use Figures/DJT.png>
Package pdftex.def Info: Figures/DJT.png used on input line 120.
(pdftex.def)             Requested size: 304.7331pt x 148.15086pt.

[13

 <./Figures/DJT.png>] <Figures/hdf.png, id=368, 1028.34187pt x 578.16pt>
File: Figures/hdf.png Graphic file (type png)

<use Figures/hdf.png>
Package pdftex.def Info: Figures/hdf.png used on input line 129.
(pdftex.def)             Requested size: 308.50494pt x 173.44933pt.
File: Figures/hdf.png Graphic file (type png)
 <use Figures/hdf.png>
Package pdftex.def Info: Figures/hdf.png used on input line 129.
(pdftex.def)             Requested size: 308.50494pt x 173.44933pt.

Overfull \hbox (1.21507pt too wide) in paragraph at lines 129--129
 [] 
 []

[14

 <./Figures/hdf.png>] [15

]
<Figures/kulas.png, id=422, 1121.18875pt x 753.81625pt>
File: Figures/kulas.png Graphic file (type png)

<use Figures/kulas.png>
Package pdftex.def Info: Figures/kulas.png used on input line 152.
(pdftex.def)             Requested size: 302.725pt x 203.53311pt.
 [16

 <./Figures/kulas.png (PNG copy)>]
<Figures/RT.png, id=448, 951.555pt x 604.2575pt>
File: Figures/RT.png Graphic file (type png)
 <use Figures/RT.png>
Package pdftex.def Info: Figures/RT.png used on input line 158.
(pdftex.def)             Requested size: 285.4687pt x 181.27864pt.
 [17

 <./Figures/RT.png>] <Figures/xshift.png, id=476, 555.07375pt x 457.71pt>
File: Figures/xshift.png Graphic file (type png)

<use Figures/xshift.png>
Package pdftex.def Info: Figures/xshift.png used on input line 165.
(pdftex.def)             Requested size: 222.02556pt x 183.08075pt.
 [18

 <./Figures/xshift.png>]
<Figures/rand_walk.png, id=502, 494.84875pt x 461.725pt>
File: Figures/rand_walk.png Graphic file (type png)

<use Figures/rand_walk.png>
Package pdftex.def Info: Figures/rand_walk.png used on input line 172.
(pdftex.def)             Requested size: 197.93599pt x 184.68672pt.
 [19

 <./Figures/rand_walk.png>] [20

]
<Figures/od.png, id=554, 946.53625pt x 617.30624pt>
File: Figures/od.png Graphic file (type png)
 <use Figures/od.png>
Package pdftex.def Info: Figures/od.png used on input line 190.
(pdftex.def)             Requested size: 283.96307pt x 185.1933pt.

[21

 <./Figures/od.png>] <Figures/voigt.png, id=582, 803.0pt x 602.25pt>
File: Figures/voigt.png Graphic file (type png)

<use Figures/voigt.png>
Package pdftex.def Info: Figures/voigt.png used on input line 207.
(pdftex.def)             Requested size: 160.59715pt x 120.44786pt.
 [22

 <./Figures/voigt.png>]
<Figures/slab.png, id=610, 548.0475pt x 511.9125pt>
File: Figures/slab.png Graphic file (type png)
 <use Figures/slab.png>
Package pdftex.def Info: Figures/slab.png used on input line 216.
(pdftex.def)             Requested size: 219.2151pt x 204.76137pt.

Overfull \vbox (15.88821pt too high) detected at line 216
 []

[23

 <./Figures/slab.png>] <Figures/sphere.png, id=636, 578.16pt x 526.96875pt>
File: Figures/sphere.png Graphic file (type png)

<use Figures/sphere.png>
Package pdftex.def Info: Figures/sphere.png used on input line 224.
(pdftex.def)             Requested size: 202.35902pt x 184.44182pt.
 [24

 <./Figures/sphere.png>] [25

]
File: Figures/RT.png Graphic file (type png)
 <use Figures/RT.png>
Package pdftex.def Info: Figures/RT.png used on input line 235.
(pdftex.def)             Requested size: 285.4687pt x 181.27864pt.

[26

] <Figures/expanding.png, id=714, 372.39125pt x 345.29pt>
File: Figures/expanding.png Graphic file (type png)

<use Figures/expanding.png>
Package pdftex.def Info: Figures/expanding.png used on input line 244.
(pdftex.def)             Requested size: 186.19516pt x 172.64456pt.
 [27

 <./Figures/expanding.png>]
<Figures/shell.png, id=740, 940.51375pt x 355.3275pt>
File: Figures/shell.png Graphic file (type png)
 <use Figures/shell.png>
Package pdftex.def Info: Figures/shell.png used on input line 258.
(pdftex.def)             Requested size: 282.1563pt x 106.59906pt.

[28

 <./Figures/shell.png>] [29

] [30

]
<Figures/models.png, id=817, 968.61874pt x 660.4675pt>
File: Figures/models.png Graphic file (type png)

<use Figures/models.png>
Package pdftex.def Info: Figures/models.png used on input line 279.
(pdftex.def)             Requested size: 290.58786pt x 198.14177pt.
 [31

 <./Figures/models.png>]
Overfull \hbox (1.21338pt too wide) in paragraph at lines 295--295
 [] 
 []

[32

] <Figures/theta.png, id=870, 624.3325pt x 626.34pt>
File: Figures/theta.png Graphic file (type png)

<use Figures/theta.png>
Package pdftex.def Info: Figures/theta.png used on input line 304.
(pdftex.def)             Requested size: 124.86429pt x 125.26578pt.
 [33

 <./Figures/theta.png>]
<Figures/difvel.png, id=897, 610.28pt x 494.84875pt>
File: Figures/difvel.png Graphic file (type png)
 <use Figures/difvel.png>
Package pdftex.def Info: Figures/difvel.png used on input line 311.
(pdftex.def)             Requested size: 244.10767pt x 197.93599pt.

Overfull \vbox (9.06284pt too high) detected at line 311
 []

[34

 <./Figures/difvel.png>]
<Figures/diftheta.png, id=925, 610.28pt x 494.84875pt>
File: Figures/diftheta.png Graphic file (type png)

<use Figures/diftheta.png>
Package pdftex.def Info: Figures/diftheta.png used on input line 318.
(pdftex.def)             Requested size: 244.10767pt x 197.93599pt.

Overfull \vbox (9.06284pt too high) detected at line 318
 []

[35

 <./Figures/diftheta.png>] <Figures/f71.png, id=952, 803.0pt x 602.25pt>
File: Figures/f71.png Graphic file (type png)

<use Figures/f71.png>
Package pdftex.def Info: Figures/f71.png used on input line 333.
(pdftex.def)             Requested size: 240.90186pt x 180.67639pt.
 [36

 <./Figures/f71.png (PNG copy)>]
<Figures/f72.png, id=978, 641.39626pt x 557.08125pt>
File: Figures/f72.png Graphic file (type png)
 <use Figures/f72.png>
Package pdftex.def Info: Figures/f72.png used on input line 346.
(pdftex.def)             Requested size: 160.34866pt x 139.26997pt.

[37

 <./Figures/f72.png>] <Figures/f6.png, id=1007, 630.355pt x 504.88625pt>
File: Figures/f6.png Graphic file (type png)

<use Figures/f6.png>
Package pdftex.def Info: Figures/f6.png used on input line 354.
(pdftex.def)             Requested size: 252.13753pt x 201.95091pt.

Overfull \vbox (13.07776pt too high) detected at line 354
 []

[38

 <./Figures/f6.png>] <Figures/f8.png, id=1035, 650.43pt x 505.89pt>
File: Figures/f8.png Graphic file (type png)

<use Figures/f8.png>
Package pdftex.def Info: Figures/f8.png used on input line 361.
(pdftex.def)             Requested size: 260.16739pt x 202.3524pt.

Overfull \vbox (13.47925pt too high) detected at line 361
 []

[39

 <./Figures/f8.png>] <Figures/f13.pdf, id=1062, 627.92404pt x 598.0452pt>
File: Figures/f13.pdf Graphic file (type pdf)

<use Figures/f13.pdf>
Package pdftex.def Info: Figures/f13.pdf used on input line 369.
(pdftex.def)             Requested size: 200.93979pt x 191.37837pt.

Overfull \vbox (2.50522pt too high) detected at line 369
 []

[40

 <./Figures/f13.pdf>] <Figures/f10.png, id=1142, 633.36626pt x 589.20125pt>
File: Figures/f10.png Graphic file (type png)

<use Figures/f10.png>
Package pdftex.def Info: Figures/f10.png used on input line 376.
(pdftex.def)             Requested size: 221.6815pt x 206.22351pt.

Overfull \vbox (17.35036pt too high) detected at line 376
 []

[41

 <./Figures/f10.png>]
<Figures/fig11a.pdf, id=1170, 845.1575pt x 597.23125pt>
File: Figures/fig11a.pdf Graphic file (type pdf)

<use Figures/fig11a.pdf>
Package pdftex.def Info: Figures/fig11a.pdf used on input line 390.
(pdftex.def)             Requested size: 169.0285pt x 119.44412pt.

Overfull \hbox (24.65657pt too wide) detected at line 390
\OML/cmm/m/it/10.95 J\OT1/cmr/m/n/10.95 (\OML/cmm/m/it/10.95 x; i\OT1/cmr/m/n/1
0.95 ) = 2\OML/cmm/m/it/10.95 ^^Y [] dbb [] d^^^S\OT1/cmr/m/n/10.95 (\OML/cmm/m
/it/10.95 b; ^^^\OT1/cmr/m/n/10.95 )\OML/cmm/m/it/10.95 J\OT1/cmr/m/n/10.95 (\O
ML/cmm/m/it/10.95 x; b; ^^^; i\OT1/cmr/m/n/10.95 ) \OMS/cmsy/m/n/10.95 ^^Y \OT1
/cmr/m/n/10.95 2\OML/cmm/m/it/10.95 ^^Y [] dbb [] d^^^J\OT1/cmr/m/n/10.95 (\OML
/cmm/m/it/10.95 x; b; ^^^; i\OT1/cmr/m/n/10.95 )
 []

[42

 <./Figures/fig11a.pdf>]
<Figures/vary_vel1.png, id=1229, 686.565pt x 469.755pt>
File: Figures/vary_vel1.png Graphic file (type png)

<use Figures/vary_vel1.png>
Package pdftex.def Info: Figures/vary_vel1.png used on input line 414.
(pdftex.def)             Requested size: 274.62112pt x 187.89867pt.
 [43

 <./Figures/vary_vel1.png>]
<Figures/measure.png, id=1257, 584.1825pt x 628.3475pt>
File: Figures/measure.png Graphic file (type png)

<use Figures/measure.png>
Package pdftex.def Info: Figures/measure.png used on input line 425.
(pdftex.def)             Requested size: 116.83443pt x 125.66727pt.
 <Figures/obs.png, id=1258, 542.025pt x 446.6286pt>
File: Figures/obs.png Graphic file (type png)

<use Figures/obs.png>
Package pdftex.def Info: Figures/obs.png used on input line 425.
(pdftex.def)             Requested size: 162.60875pt x 133.98961pt.
 [44

 <./Figures/measure.png> <./Figures/obs.png>]
<Figures/rotation1.png, id=1287, 640.3925pt x 420.57124pt>
File: Figures/rotation1.png Graphic file (type png)

<use Figures/rotation1.png>
Package pdftex.def Info: Figures/rotation1.png used on input line 434.
(pdftex.def)             Requested size: 160.09773pt x 105.14255pt.

<Figures/rotation2.png, id=1288, 620.3175pt x 422.57875pt>
File: Figures/rotation2.png Graphic file (type png)

<use Figures/rotation2.png>
Package pdftex.def Info: Figures/rotation2.png used on input line 434.
(pdftex.def)             Requested size: 155.079pt x 105.64442pt.

Overfull \hbox (7.88686pt too wide) in paragraph at lines 434--434
 [][] 
 []

[45

 <./Figures/rotation1.png> <./Figures/rotation2.png>]
File: Figures/difvel.png Graphic file (type png)

<use Figures/difvel.png>
Package pdftex.def Info: Figures/difvel.png used on input line 446.
(pdftex.def)             Requested size: 183.0854pt x 148.45576pt.
 [46

]
File: Figures/diftheta.png Graphic file (type png)
 <use Figures/diftheta.png>
Package pdftex.def Info: Figures/diftheta.png used on input line 453.
(pdftex.def)             Requested size: 183.0854pt x 148.45576pt.
 [47

]
File: Figures/vary_vel1.png Graphic file (type png)

<use Figures/vary_vel1.png>
Package pdftex.def Info: Figures/vary_vel1.png used on input line 461.
(pdftex.def)             Requested size: 205.97108pt x 140.92758pt.
 [48

]
<Figures/CLARA-TOL.png, id=1388, 574.145pt x 462.72874pt>
File: Figures/CLARA-TOL.png Graphic file (type png)

<use Figures/CLARA-TOL.png>
Package pdftex.def Info: Figures/CLARA-TOL.png used on input line 467.
(pdftex.def)             Requested size: 229.65393pt x 185.08821pt.
 [49

 <./Figures/CLARA-TOL.png>]
\tf@nav=\write6
\openout6 = `main.nav'.

\tf@toc=\write7
\openout7 = `main.toc'.

\tf@snm=\write8
\openout8 = `main.snm'.

Package atveryend Info: Empty hook `BeforeClearDocument' on input line 473.
Package atveryend Info: Empty hook `AfterLastShipout' on input line 473.
 (./main.aux)
Package atveryend Info: Executing hook `AtVeryEndDocument' on input line 473.
Package atveryend Info: Executing hook `AtEndAfterFileList' on input line 473.
Package rerunfilecheck Info: File `main.out' has not changed.
(rerunfilecheck)             Checksum: D41D8CD98F00B204E9800998ECF8427E;0.


LaTeX Font Warning: Size substitutions with differences
(Font)              up to 1.0pt have occurred.

Package atveryend Info: Empty hook `AtVeryVeryEnd' on input line 473.
 ) 
Here is how much of TeX's memory you used:
 17039 strings out of 494985
 313291 string characters out of 6180357
 383734 words of memory out of 5000000
 19731 multiletter control sequences out of 15000+600000
 16647 words of font info for 64 fonts, out of 8000000 for 9000
 36 hyphenation exceptions out of 8191
 49i,14n,53p,422b,544s stack positions out of 5000i,500n,10000p,200000b,80000s
</usr/share/texlive/texmf-dist/fonts/type1/public/amsfonts/cm/cmbx10.pfb></us
r/share/texlive/texmf-dist/fonts/type1/public/amsfonts/cm/cmbxti10.pfb></usr/sh
are/texlive/texmf-dist/fonts/type1/public/amsfonts/cm/cmex10.pfb></usr/share/te
xlive/texmf-dist/fonts/type1/public/amsfonts/cm/cmmi10.pfb></usr/share/texlive/
texmf-dist/fonts/type1/public/amsfonts/cm/cmmi12.pfb></usr/share/texlive/texmf-
dist/fonts/type1/public/amsfonts/cm/cmmi8.pfb></usr/share/texlive/texmf-dist/fo
nts/type1/public/amsfonts/cm/cmr10.pfb></usr/share/texlive/texmf-dist/fonts/typ
e1/public/amsfonts/cm/cmr12.pfb></usr/share/texlive/texmf-dist/fonts/type1/publ
ic/amsfonts/cm/cmr17.pfb></usr/share/texlive/texmf-dist/fonts/type1/public/amsf
onts/cm/cmr8.pfb></usr/share/texlive/texmf-dist/fonts/type1/public/amsfonts/cm/
cmsy10.pfb>
Output written on main.pdf (49 pages, 5003337 bytes).
PDF statistics:
 1476 PDF objects out of 1728 (max. 8388607)
 1294 compressed objects within 13 object streams
 100 named destinations out of 1000 (max. 500000)
 242 words of extra memory for PDF output out of 10000 (max. 10000000)

